[2024-12-01 01:05:17,967] 	INFO 	32 	id_data.py 	<module>() 	TC ID Data Started
[2024-12-01 01:05:18,333] 	ERROR 	104 	id_data.py 	<module>() 	Error occurred during TC ID Data process. Error: Dataframe is empty
Traceback (most recent call last):
  File "id_data.py", line 58, in <module>
    raise Exception('Dataframe is empty')
Exception: Dataframe is empty
[2024-12-01 02:54:37,332] 	INFO 	32 	id_data.py 	<module>() 	TC ID Data Started
[2024-12-01 02:54:37,720] 	ERROR 	104 	id_data.py 	<module>() 	Error occurred during TC ID Data process. Error: Dataframe is empty
Traceback (most recent call last):
  File "id_data.py", line 58, in <module>
    raise Exception('Dataframe is empty')
Exception: Dataframe is empty
[2024-12-01 03:39:13,284] 	INFO 	32 	id_data.py 	<module>() 	TC ID Data Started
[2024-12-01 03:39:13,697] 	ERROR 	104 	id_data.py 	<module>() 	Error occurred during TC ID Data process. Error: Dataframe is empty
Traceback (most recent call last):
  File "id_data.py", line 58, in <module>
    raise Exception('Dataframe is empty')
Exception: Dataframe is empty
[2024-12-01 04:02:13,584] 	INFO 	32 	id_data.py 	<module>() 	TC ID Data Started
[2024-12-01 04:02:13,941] 	ERROR 	104 	id_data.py 	<module>() 	Error occurred during TC ID Data process. Error: Dataframe is empty
Traceback (most recent call last):
  File "id_data.py", line 58, in <module>
    raise Exception('Dataframe is empty')
Exception: Dataframe is empty
[2024-12-01 04:34:58,219] 	INFO 	32 	id_data.py 	<module>() 	TC ID Data Started
[2024-12-01 04:34:58,577] 	ERROR 	104 	id_data.py 	<module>() 	Error occurred during TC ID Data process. Error: Dataframe is empty
Traceback (most recent call last):
  File "id_data.py", line 58, in <module>
    raise Exception('Dataframe is empty')
Exception: Dataframe is empty
[2024-12-01 04:50:27,502] 	INFO 	32 	id_data.py 	<module>() 	TC ID Data Started
[2024-12-01 04:50:27,844] 	ERROR 	104 	id_data.py 	<module>() 	Error occurred during TC ID Data process. Error: Dataframe is empty
Traceback (most recent call last):
  File "id_data.py", line 58, in <module>
    raise Exception('Dataframe is empty')
Exception: Dataframe is empty
[2024-12-01 05:11:23,886] 	INFO 	32 	id_data.py 	<module>() 	TC ID Data Started
[2024-12-01 05:11:24,245] 	ERROR 	104 	id_data.py 	<module>() 	Error occurred during TC ID Data process. Error: Dataframe is empty
Traceback (most recent call last):
  File "id_data.py", line 58, in <module>
    raise Exception('Dataframe is empty')
Exception: Dataframe is empty
[2024-12-01 05:30:58,126] 	INFO 	32 	id_data.py 	<module>() 	TC ID Data Started
[2024-12-01 05:30:58,455] 	ERROR 	104 	id_data.py 	<module>() 	Error occurred during TC ID Data process. Error: Dataframe is empty
Traceback (most recent call last):
  File "id_data.py", line 58, in <module>
    raise Exception('Dataframe is empty')
Exception: Dataframe is empty
[2024-12-01 05:47:39,245] 	INFO 	32 	id_data.py 	<module>() 	TC ID Data Started
[2024-12-01 05:47:39,552] 	ERROR 	104 	id_data.py 	<module>() 	Error occurred during TC ID Data process. Error: Dataframe is empty
Traceback (most recent call last):
  File "id_data.py", line 58, in <module>
    raise Exception('Dataframe is empty')
Exception: Dataframe is empty
[2024-12-01 06:15:47,125] 	INFO 	32 	id_data.py 	<module>() 	TC ID Data Started
[2024-12-01 06:15:47,464] 	ERROR 	104 	id_data.py 	<module>() 	Error occurred during TC ID Data process. Error: Dataframe is empty
Traceback (most recent call last):
  File "id_data.py", line 58, in <module>
    raise Exception('Dataframe is empty')
Exception: Dataframe is empty
[2024-12-01 06:44:07,632] 	INFO 	32 	id_data.py 	<module>() 	TC ID Data Started
[2024-12-01 06:44:08,026] 	ERROR 	104 	id_data.py 	<module>() 	Error occurred during TC ID Data process. Error: Dataframe is empty
Traceback (most recent call last):
  File "id_data.py", line 58, in <module>
    raise Exception('Dataframe is empty')
Exception: Dataframe is empty
[2024-12-01 06:53:05,772] 	INFO 	32 	id_data.py 	<module>() 	TC ID Data Started
[2024-12-01 06:53:06,113] 	ERROR 	104 	id_data.py 	<module>() 	Error occurred during TC ID Data process. Error: Dataframe is empty
Traceback (most recent call last):
  File "id_data.py", line 58, in <module>
    raise Exception('Dataframe is empty')
Exception: Dataframe is empty
[2024-12-01 07:10:39,264] 	INFO 	32 	id_data.py 	<module>() 	TC ID Data Started
[2024-12-01 07:10:39,589] 	ERROR 	104 	id_data.py 	<module>() 	Error occurred during TC ID Data process. Error: Dataframe is empty
Traceback (most recent call last):
  File "id_data.py", line 58, in <module>
    raise Exception('Dataframe is empty')
Exception: Dataframe is empty
[2024-12-01 07:27:39,205] 	INFO 	32 	id_data.py 	<module>() 	TC ID Data Started
[2024-12-01 07:27:39,541] 	ERROR 	104 	id_data.py 	<module>() 	Error occurred during TC ID Data process. Error: Dataframe is empty
Traceback (most recent call last):
  File "id_data.py", line 58, in <module>
    raise Exception('Dataframe is empty')
Exception: Dataframe is empty
[2024-12-01 07:37:58,203] 	INFO 	32 	id_data.py 	<module>() 	TC ID Data Started
[2024-12-01 07:37:58,669] 	ERROR 	104 	id_data.py 	<module>() 	Error occurred during TC ID Data process. Error: Dataframe is empty
Traceback (most recent call last):
  File "id_data.py", line 58, in <module>
    raise Exception('Dataframe is empty')
Exception: Dataframe is empty
[2024-12-01 07:47:40,686] 	INFO 	32 	id_data.py 	<module>() 	TC ID Data Started
[2024-12-01 07:47:41,032] 	ERROR 	104 	id_data.py 	<module>() 	Error occurred during TC ID Data process. Error: Dataframe is empty
Traceback (most recent call last):
  File "id_data.py", line 58, in <module>
    raise Exception('Dataframe is empty')
Exception: Dataframe is empty
[2024-12-01 08:13:51,649] 	INFO 	32 	id_data.py 	<module>() 	TC ID Data Started
[2024-12-01 08:13:52,045] 	ERROR 	104 	id_data.py 	<module>() 	Error occurred during TC ID Data process. Error: Dataframe is empty
Traceback (most recent call last):
  File "id_data.py", line 58, in <module>
    raise Exception('Dataframe is empty')
Exception: Dataframe is empty
[2024-12-01 08:33:39,546] 	INFO 	32 	id_data.py 	<module>() 	TC ID Data Started
[2024-12-01 08:33:39,909] 	ERROR 	104 	id_data.py 	<module>() 	Error occurred during TC ID Data process. Error: Dataframe is empty
Traceback (most recent call last):
  File "id_data.py", line 58, in <module>
    raise Exception('Dataframe is empty')
Exception: Dataframe is empty
[2024-12-01 08:49:52,737] 	INFO 	32 	id_data.py 	<module>() 	TC ID Data Started
[2024-12-01 08:49:53,094] 	ERROR 	104 	id_data.py 	<module>() 	Error occurred during TC ID Data process. Error: Dataframe is empty
Traceback (most recent call last):
  File "id_data.py", line 58, in <module>
    raise Exception('Dataframe is empty')
Exception: Dataframe is empty
[2024-12-01 09:11:06,695] 	INFO 	32 	id_data.py 	<module>() 	TC ID Data Started
[2024-12-01 09:11:07,073] 	ERROR 	104 	id_data.py 	<module>() 	Error occurred during TC ID Data process. Error: Dataframe is empty
Traceback (most recent call last):
  File "id_data.py", line 58, in <module>
    raise Exception('Dataframe is empty')
Exception: Dataframe is empty
[2024-12-01 09:27:42,748] 	INFO 	32 	id_data.py 	<module>() 	TC ID Data Started
[2024-12-01 09:27:43,097] 	ERROR 	104 	id_data.py 	<module>() 	Error occurred during TC ID Data process. Error: Dataframe is empty
Traceback (most recent call last):
  File "id_data.py", line 58, in <module>
    raise Exception('Dataframe is empty')
Exception: Dataframe is empty
