[2024-09-01 00:56:39,413] 	INFO 	32 	id_data.py 	<module>() 	TC ID Data Started
[2024-09-01 00:56:39,798] 	ERROR 	104 	id_data.py 	<module>() 	Error occurred during TC ID Data process. Error: Dataframe is empty
Traceback (most recent call last):
  File "id_data.py", line 58, in <module>
    raise Exception('Dataframe is empty')
Exception: Dataframe is empty
[2024-09-01 02:19:49,877] 	INFO 	32 	id_data.py 	<module>() 	TC ID Data Started
[2024-09-01 02:19:50,079] 	ERROR 	104 	id_data.py 	<module>() 	Error occurred during TC ID Data process. Error: Dataframe is empty
Traceback (most recent call last):
  File "id_data.py", line 58, in <module>
    raise Exception('Dataframe is empty')
Exception: Dataframe is empty
[2024-09-01 03:03:32,656] 	INFO 	32 	id_data.py 	<module>() 	TC ID Data Started
[2024-09-01 03:03:33,037] 	ERROR 	104 	id_data.py 	<module>() 	Error occurred during TC ID Data process. Error: Dataframe is empty
Traceback (most recent call last):
  File "id_data.py", line 58, in <module>
    raise Exception('Dataframe is empty')
Exception: Dataframe is empty
[2024-09-01 03:33:06,270] 	INFO 	32 	id_data.py 	<module>() 	TC ID Data Started
[2024-09-01 03:33:06,622] 	ERROR 	104 	id_data.py 	<module>() 	Error occurred during TC ID Data process. Error: Dataframe is empty
Traceback (most recent call last):
  File "id_data.py", line 58, in <module>
    raise Exception('Dataframe is empty')
Exception: Dataframe is empty
