[2025-04-01 01:03:17,207] 	INFO 	32 	id_data.py 	<module>() 	TC ID Data Started
[2025-04-01 01:03:20,453] 	INFO 	102 	id_data.py 	<module>() 	TC ID Data Ended
[2025-04-01 02:51:44,301] 	INFO 	32 	id_data.py 	<module>() 	TC ID Data Started
[2025-04-01 02:51:47,210] 	INFO 	102 	id_data.py 	<module>() 	TC ID Data Ended
[2025-04-01 03:38:32,418] 	INFO 	32 	id_data.py 	<module>() 	TC ID Data Started
[2025-04-01 03:38:35,167] 	INFO 	102 	id_data.py 	<module>() 	TC ID Data Ended
[2025-04-01 03:59:04,416] 	INFO 	32 	id_data.py 	<module>() 	TC ID Data Started
[2025-04-01 03:59:07,183] 	INFO 	102 	id_data.py 	<module>() 	TC ID Data Ended
[2025-04-01 04:23:42,174] 	INFO 	32 	id_data.py 	<module>() 	TC ID Data Started
[2025-04-01 04:23:44,040] 	INFO 	102 	id_data.py 	<module>() 	TC ID Data Ended
[2025-04-01 04:42:52,984] 	INFO 	32 	id_data.py 	<module>() 	TC ID Data Started
[2025-04-01 04:42:54,813] 	INFO 	102 	id_data.py 	<module>() 	TC ID Data Ended
[2025-04-01 04:52:10,433] 	INFO 	32 	id_data.py 	<module>() 	TC ID Data Started
[2025-04-01 04:52:12,761] 	INFO 	102 	id_data.py 	<module>() 	TC ID Data Ended
[2025-04-01 05:12:29,337] 	INFO 	32 	id_data.py 	<module>() 	TC ID Data Started
[2025-04-01 05:12:32,313] 	INFO 	102 	id_data.py 	<module>() 	TC ID Data Ended
[2025-04-01 05:32:28,244] 	INFO 	32 	id_data.py 	<module>() 	TC ID Data Started
[2025-04-01 05:32:30,338] 	INFO 	102 	id_data.py 	<module>() 	TC ID Data Ended
[2025-04-01 05:47:39,548] 	INFO 	32 	id_data.py 	<module>() 	TC ID Data Started
[2025-04-01 05:47:42,335] 	INFO 	102 	id_data.py 	<module>() 	TC ID Data Ended
[2025-04-01 06:17:36,859] 	INFO 	32 	id_data.py 	<module>() 	TC ID Data Started
[2025-04-01 06:17:39,473] 	INFO 	102 	id_data.py 	<module>() 	TC ID Data Ended
[2025-04-01 06:46:51,347] 	INFO 	32 	id_data.py 	<module>() 	TC ID Data Started
[2025-04-01 06:46:53,325] 	INFO 	102 	id_data.py 	<module>() 	TC ID Data Ended
[2025-04-01 07:12:24,047] 	INFO 	32 	id_data.py 	<module>() 	TC ID Data Started
[2025-04-01 07:12:26,113] 	INFO 	102 	id_data.py 	<module>() 	TC ID Data Ended
[2025-04-01 07:29:07,792] 	INFO 	32 	id_data.py 	<module>() 	TC ID Data Started
[2025-04-01 07:29:09,598] 	INFO 	102 	id_data.py 	<module>() 	TC ID Data Ended
[2025-04-01 07:39:00,826] 	INFO 	32 	id_data.py 	<module>() 	TC ID Data Started
[2025-04-01 07:39:03,451] 	INFO 	102 	id_data.py 	<module>() 	TC ID Data Ended
[2025-04-01 07:47:32,916] 	INFO 	32 	id_data.py 	<module>() 	TC ID Data Started
[2025-04-01 07:47:34,595] 	INFO 	102 	id_data.py 	<module>() 	TC ID Data Ended
[2025-04-01 08:16:29,609] 	INFO 	32 	id_data.py 	<module>() 	TC ID Data Started
[2025-04-01 08:16:31,610] 	INFO 	102 	id_data.py 	<module>() 	TC ID Data Ended
[2025-04-01 08:43:48,056] 	INFO 	32 	id_data.py 	<module>() 	TC ID Data Started
[2025-04-01 08:43:50,750] 	INFO 	102 	id_data.py 	<module>() 	TC ID Data Ended
[2025-04-01 08:54:53,334] 	INFO 	32 	id_data.py 	<module>() 	TC ID Data Started
[2025-04-01 08:54:55,853] 	INFO 	102 	id_data.py 	<module>() 	TC ID Data Ended
[2025-04-01 09:13:33,533] 	INFO 	32 	id_data.py 	<module>() 	TC ID Data Started
[2025-04-01 09:13:35,616] 	INFO 	102 	id_data.py 	<module>() 	TC ID Data Ended
[2025-04-01 09:32:24,780] 	INFO 	32 	id_data.py 	<module>() 	TC ID Data Started
[2025-04-01 09:32:26,936] 	INFO 	102 	id_data.py 	<module>() 	TC ID Data Ended
[2025-04-01 09:47:29,470] 	INFO 	32 	id_data.py 	<module>() 	TC ID Data Started
[2025-04-01 09:47:32,097] 	INFO 	102 	id_data.py 	<module>() 	TC ID Data Ended
[2025-04-01 10:13:22,352] 	INFO 	32 	id_data.py 	<module>() 	TC ID Data Started
[2025-04-01 10:13:24,807] 	INFO 	102 	id_data.py 	<module>() 	TC ID Data Ended
[2025-04-01 10:36:14,557] 	INFO 	32 	id_data.py 	<module>() 	TC ID Data Started
[2025-04-01 10:36:17,355] 	INFO 	102 	id_data.py 	<module>() 	TC ID Data Ended
[2025-04-01 10:49:54,452] 	INFO 	32 	id_data.py 	<module>() 	TC ID Data Started
[2025-04-01 10:49:56,740] 	INFO 	102 	id_data.py 	<module>() 	TC ID Data Ended
[2025-04-01 11:10:20,012] 	INFO 	32 	id_data.py 	<module>() 	TC ID Data Started
[2025-04-01 11:10:22,410] 	INFO 	102 	id_data.py 	<module>() 	TC ID Data Ended
[2025-04-01 11:25:45,085] 	INFO 	32 	id_data.py 	<module>() 	TC ID Data Started
[2025-04-01 11:25:47,521] 	INFO 	102 	id_data.py 	<module>() 	TC ID Data Ended
[2025-04-01 11:34:20,727] 	INFO 	32 	id_data.py 	<module>() 	TC ID Data Started
[2025-04-01 11:34:22,817] 	INFO 	102 	id_data.py 	<module>() 	TC ID Data Ended
[2025-04-01 11:47:40,788] 	INFO 	32 	id_data.py 	<module>() 	TC ID Data Started
[2025-04-01 11:47:43,008] 	INFO 	102 	id_data.py 	<module>() 	TC ID Data Ended
[2025-04-01 12:23:17,231] 	INFO 	32 	id_data.py 	<module>() 	TC ID Data Started
[2025-04-01 12:23:19,324] 	INFO 	102 	id_data.py 	<module>() 	TC ID Data Ended
[2025-04-01 13:02:28,251] 	INFO 	32 	id_data.py 	<module>() 	TC ID Data Started
[2025-04-01 13:02:30,880] 	INFO 	102 	id_data.py 	<module>() 	TC ID Data Ended
[2025-04-01 13:37:58,443] 	INFO 	32 	id_data.py 	<module>() 	TC ID Data Started
[2025-04-01 13:38:00,512] 	INFO 	102 	id_data.py 	<module>() 	TC ID Data Ended
[2025-04-01 13:50:12,654] 	INFO 	32 	id_data.py 	<module>() 	TC ID Data Started
[2025-04-01 13:50:15,065] 	INFO 	102 	id_data.py 	<module>() 	TC ID Data Ended
[2025-04-01 14:11:59,829] 	INFO 	32 	id_data.py 	<module>() 	TC ID Data Started
[2025-04-01 14:12:02,246] 	INFO 	102 	id_data.py 	<module>() 	TC ID Data Ended
[2025-04-01 14:33:35,395] 	INFO 	32 	id_data.py 	<module>() 	TC ID Data Started
[2025-04-01 14:33:37,750] 	INFO 	102 	id_data.py 	<module>() 	TC ID Data Ended
[2025-04-01 14:50:13,253] 	INFO 	32 	id_data.py 	<module>() 	TC ID Data Started
[2025-04-01 14:50:15,933] 	INFO 	102 	id_data.py 	<module>() 	TC ID Data Ended
[2025-04-01 15:12:43,059] 	INFO 	32 	id_data.py 	<module>() 	TC ID Data Started
[2025-04-01 15:12:44,831] 	INFO 	102 	id_data.py 	<module>() 	TC ID Data Ended
[2025-04-01 15:32:40,451] 	INFO 	32 	id_data.py 	<module>() 	TC ID Data Started
[2025-04-01 15:32:43,008] 	INFO 	102 	id_data.py 	<module>() 	TC ID Data Ended
[2025-04-01 15:48:18,259] 	INFO 	32 	id_data.py 	<module>() 	TC ID Data Started
[2025-04-01 15:48:20,304] 	INFO 	102 	id_data.py 	<module>() 	TC ID Data Ended
[2025-04-01 16:13:41,348] 	INFO 	32 	id_data.py 	<module>() 	TC ID Data Started
[2025-04-01 16:13:44,084] 	INFO 	102 	id_data.py 	<module>() 	TC ID Data Ended
[2025-04-01 16:36:58,870] 	INFO 	32 	id_data.py 	<module>() 	TC ID Data Started
[2025-04-01 16:37:01,516] 	INFO 	102 	id_data.py 	<module>() 	TC ID Data Ended
[2025-04-01 16:53:10,272] 	INFO 	32 	id_data.py 	<module>() 	TC ID Data Started
[2025-04-01 16:53:13,002] 	INFO 	102 	id_data.py 	<module>() 	TC ID Data Ended
[2025-04-01 17:12:09,777] 	INFO 	32 	id_data.py 	<module>() 	TC ID Data Started
[2025-04-01 17:12:11,773] 	INFO 	102 	id_data.py 	<module>() 	TC ID Data Ended
[2025-04-01 17:30:49,881] 	INFO 	32 	id_data.py 	<module>() 	TC ID Data Started
[2025-04-01 17:30:51,897] 	INFO 	102 	id_data.py 	<module>() 	TC ID Data Ended
[2025-04-01 17:47:43,352] 	INFO 	32 	id_data.py 	<module>() 	TC ID Data Started
[2025-04-01 17:47:45,332] 	INFO 	102 	id_data.py 	<module>() 	TC ID Data Ended
[2025-04-01 18:15:35,671] 	INFO 	32 	id_data.py 	<module>() 	TC ID Data Started
[2025-04-01 18:15:37,960] 	INFO 	102 	id_data.py 	<module>() 	TC ID Data Ended
[2025-04-01 18:45:15,571] 	INFO 	32 	id_data.py 	<module>() 	TC ID Data Started
[2025-04-01 18:45:18,037] 	INFO 	102 	id_data.py 	<module>() 	TC ID Data Ended
[2025-04-01 18:54:33,733] 	INFO 	32 	id_data.py 	<module>() 	TC ID Data Started
[2025-04-01 18:54:35,462] 	INFO 	102 	id_data.py 	<module>() 	TC ID Data Ended
[2025-04-01 19:09:43,609] 	INFO 	32 	id_data.py 	<module>() 	TC ID Data Started
[2025-04-01 19:09:46,419] 	INFO 	102 	id_data.py 	<module>() 	TC ID Data Ended
[2025-04-01 19:23:25,613] 	INFO 	32 	id_data.py 	<module>() 	TC ID Data Started
[2025-04-01 19:23:27,655] 	INFO 	102 	id_data.py 	<module>() 	TC ID Data Ended
[2025-04-01 19:33:51,298] 	INFO 	32 	id_data.py 	<module>() 	TC ID Data Started
[2025-04-01 19:33:53,250] 	INFO 	102 	id_data.py 	<module>() 	TC ID Data Ended
[2025-04-01 19:47:45,053] 	INFO 	32 	id_data.py 	<module>() 	TC ID Data Started
[2025-04-01 19:47:46,820] 	INFO 	102 	id_data.py 	<module>() 	TC ID Data Ended
[2025-04-01 20:13:39,525] 	INFO 	32 	id_data.py 	<module>() 	TC ID Data Started
[2025-04-01 20:13:41,856] 	INFO 	102 	id_data.py 	<module>() 	TC ID Data Ended
[2025-04-01 20:31:46,601] 	INFO 	32 	id_data.py 	<module>() 	TC ID Data Started
[2025-04-01 20:31:49,523] 	INFO 	102 	id_data.py 	<module>() 	TC ID Data Ended
[2025-04-01 20:48:07,544] 	INFO 	32 	id_data.py 	<module>() 	TC ID Data Started
[2025-04-01 20:48:10,362] 	INFO 	102 	id_data.py 	<module>() 	TC ID Data Ended
[2025-04-01 21:10:53,650] 	INFO 	32 	id_data.py 	<module>() 	TC ID Data Started
[2025-04-01 21:10:55,596] 	INFO 	102 	id_data.py 	<module>() 	TC ID Data Ended
[2025-04-01 21:27:08,745] 	INFO 	32 	id_data.py 	<module>() 	TC ID Data Started
[2025-04-01 21:27:10,509] 	INFO 	102 	id_data.py 	<module>() 	TC ID Data Ended
[2025-04-01 21:36:51,194] 	INFO 	32 	id_data.py 	<module>() 	TC ID Data Started
[2025-04-01 21:36:54,577] 	INFO 	102 	id_data.py 	<module>() 	TC ID Data Ended
[2025-04-01 21:47:46,246] 	INFO 	32 	id_data.py 	<module>() 	TC ID Data Started
[2025-04-01 21:47:47,991] 	INFO 	102 	id_data.py 	<module>() 	TC ID Data Ended
[2025-04-01 22:11:22,517] 	INFO 	32 	id_data.py 	<module>() 	TC ID Data Started
[2025-04-01 22:11:25,542] 	INFO 	102 	id_data.py 	<module>() 	TC ID Data Ended
[2025-04-01 22:32:05,518] 	INFO 	32 	id_data.py 	<module>() 	TC ID Data Started
[2025-04-01 22:32:07,271] 	INFO 	102 	id_data.py 	<module>() 	TC ID Data Ended
[2025-04-01 22:47:58,758] 	INFO 	32 	id_data.py 	<module>() 	TC ID Data Started
[2025-04-01 22:48:01,927] 	INFO 	102 	id_data.py 	<module>() 	TC ID Data Ended
[2025-04-01 23:11:12,276] 	INFO 	32 	id_data.py 	<module>() 	TC ID Data Started
[2025-04-01 23:11:15,669] 	INFO 	102 	id_data.py 	<module>() 	TC ID Data Ended
[2025-04-01 23:27:49,286] 	INFO 	32 	id_data.py 	<module>() 	TC ID Data Started
[2025-04-01 23:27:51,075] 	INFO 	102 	id_data.py 	<module>() 	TC ID Data Ended
[2025-04-01 23:37:22,828] 	INFO 	32 	id_data.py 	<module>() 	TC ID Data Started
[2025-04-01 23:37:24,614] 	INFO 	102 	id_data.py 	<module>() 	TC ID Data Ended
[2025-04-01 23:47:32,163] 	INFO 	32 	id_data.py 	<module>() 	TC ID Data Started
[2025-04-01 23:47:33,994] 	INFO 	102 	id_data.py 	<module>() 	TC ID Data Ended
[2025-04-02 00:56:58,763] 	INFO 	32 	id_data.py 	<module>() 	TC ID Data Started
[2025-04-02 00:57:02,010] 	INFO 	102 	id_data.py 	<module>() 	TC ID Data Ended
[2025-04-02 02:24:38,619] 	INFO 	32 	id_data.py 	<module>() 	TC ID Data Started
[2025-04-02 02:24:40,690] 	INFO 	102 	id_data.py 	<module>() 	TC ID Data Ended
[2025-04-02 03:11:47,755] 	INFO 	32 	id_data.py 	<module>() 	TC ID Data Started
[2025-04-02 03:11:49,975] 	INFO 	102 	id_data.py 	<module>() 	TC ID Data Ended
[2025-04-02 03:45:38,031] 	INFO 	32 	id_data.py 	<module>() 	TC ID Data Started
[2025-04-02 03:45:40,426] 	INFO 	102 	id_data.py 	<module>() 	TC ID Data Ended
[2025-04-02 04:14:24,621] 	INFO 	32 	id_data.py 	<module>() 	TC ID Data Started
[2025-04-02 04:14:26,819] 	INFO 	102 	id_data.py 	<module>() 	TC ID Data Ended
[2025-04-02 04:36:00,313] 	INFO 	32 	id_data.py 	<module>() 	TC ID Data Started
[2025-04-02 04:36:02,470] 	INFO 	102 	id_data.py 	<module>() 	TC ID Data Ended
[2025-04-02 04:50:39,216] 	INFO 	32 	id_data.py 	<module>() 	TC ID Data Started
[2025-04-02 04:50:41,109] 	INFO 	102 	id_data.py 	<module>() 	TC ID Data Ended
[2025-04-02 05:13:20,839] 	INFO 	32 	id_data.py 	<module>() 	TC ID Data Started
[2025-04-02 05:13:23,876] 	INFO 	102 	id_data.py 	<module>() 	TC ID Data Ended
[2025-04-02 05:33:20,089] 	INFO 	32 	id_data.py 	<module>() 	TC ID Data Started
[2025-04-02 05:33:23,109] 	INFO 	102 	id_data.py 	<module>() 	TC ID Data Ended
[2025-04-02 05:48:06,902] 	INFO 	32 	id_data.py 	<module>() 	TC ID Data Started
[2025-04-02 05:48:08,914] 	INFO 	102 	id_data.py 	<module>() 	TC ID Data Ended
[2025-04-02 06:16:45,946] 	INFO 	32 	id_data.py 	<module>() 	TC ID Data Started
[2025-04-02 06:16:48,288] 	INFO 	102 	id_data.py 	<module>() 	TC ID Data Ended
[2025-04-02 06:44:53,272] 	INFO 	32 	id_data.py 	<module>() 	TC ID Data Started
[2025-04-02 06:44:56,041] 	INFO 	102 	id_data.py 	<module>() 	TC ID Data Ended
[2025-04-02 06:53:49,157] 	INFO 	32 	id_data.py 	<module>() 	TC ID Data Started
[2025-04-02 06:53:52,095] 	INFO 	102 	id_data.py 	<module>() 	TC ID Data Ended
[2025-04-02 07:12:12,969] 	INFO 	32 	id_data.py 	<module>() 	TC ID Data Started
[2025-04-02 07:12:15,752] 	INFO 	102 	id_data.py 	<module>() 	TC ID Data Ended
[2025-04-02 07:28:17,983] 	INFO 	32 	id_data.py 	<module>() 	TC ID Data Started
[2025-04-02 07:28:19,927] 	INFO 	102 	id_data.py 	<module>() 	TC ID Data Ended
[2025-04-02 07:37:53,075] 	INFO 	32 	id_data.py 	<module>() 	TC ID Data Started
[2025-04-02 07:37:55,726] 	INFO 	102 	id_data.py 	<module>() 	TC ID Data Ended
[2025-04-02 07:47:41,718] 	INFO 	32 	id_data.py 	<module>() 	TC ID Data Started
[2025-04-02 07:47:44,309] 	INFO 	102 	id_data.py 	<module>() 	TC ID Data Ended
[2025-04-02 08:16:06,954] 	INFO 	32 	id_data.py 	<module>() 	TC ID Data Started
[2025-04-02 08:16:09,986] 	INFO 	102 	id_data.py 	<module>() 	TC ID Data Ended
[2025-04-02 08:43:56,099] 	INFO 	32 	id_data.py 	<module>() 	TC ID Data Started
[2025-04-02 08:43:58,549] 	INFO 	102 	id_data.py 	<module>() 	TC ID Data Ended
[2025-04-02 08:54:50,736] 	INFO 	32 	id_data.py 	<module>() 	TC ID Data Started
[2025-04-02 08:54:54,561] 	INFO 	102 	id_data.py 	<module>() 	TC ID Data Ended
[2025-04-02 09:32:57,851] 	INFO 	32 	id_data.py 	<module>() 	TC ID Data Started
[2025-04-02 09:33:00,655] 	INFO 	102 	id_data.py 	<module>() 	TC ID Data Ended
[2025-04-02 09:47:56,474] 	INFO 	32 	id_data.py 	<module>() 	TC ID Data Started
[2025-04-02 09:47:58,518] 	INFO 	102 	id_data.py 	<module>() 	TC ID Data Ended
[2025-04-02 10:13:05,100] 	INFO 	32 	id_data.py 	<module>() 	TC ID Data Started
[2025-04-02 10:13:07,339] 	INFO 	102 	id_data.py 	<module>() 	TC ID Data Ended
[2025-04-02 10:35:24,045] 	INFO 	32 	id_data.py 	<module>() 	TC ID Data Started
[2025-04-02 10:35:26,182] 	INFO 	102 	id_data.py 	<module>() 	TC ID Data Ended
[2025-04-02 10:49:31,345] 	INFO 	32 	id_data.py 	<module>() 	TC ID Data Started
[2025-04-02 10:49:34,836] 	INFO 	102 	id_data.py 	<module>() 	TC ID Data Ended
[2025-04-02 11:10:09,563] 	INFO 	32 	id_data.py 	<module>() 	TC ID Data Started
[2025-04-02 11:10:11,647] 	INFO 	102 	id_data.py 	<module>() 	TC ID Data Ended
[2025-04-02 11:24:37,478] 	INFO 	32 	id_data.py 	<module>() 	TC ID Data Started
[2025-04-02 11:24:39,469] 	INFO 	102 	id_data.py 	<module>() 	TC ID Data Ended
[2025-04-02 11:34:16,136] 	INFO 	32 	id_data.py 	<module>() 	TC ID Data Started
[2025-04-02 11:34:18,063] 	INFO 	102 	id_data.py 	<module>() 	TC ID Data Ended
[2025-04-02 11:47:35,108] 	INFO 	32 	id_data.py 	<module>() 	TC ID Data Started
[2025-04-02 11:47:37,190] 	INFO 	102 	id_data.py 	<module>() 	TC ID Data Ended
[2025-04-02 12:22:57,138] 	INFO 	32 	id_data.py 	<module>() 	TC ID Data Started
[2025-04-02 12:22:59,548] 	INFO 	102 	id_data.py 	<module>() 	TC ID Data Ended
[2025-04-02 13:01:39,933] 	INFO 	32 	id_data.py 	<module>() 	TC ID Data Started
[2025-04-02 13:01:41,950] 	INFO 	102 	id_data.py 	<module>() 	TC ID Data Ended
[2025-04-02 13:36:19,023] 	INFO 	32 	id_data.py 	<module>() 	TC ID Data Started
[2025-04-02 13:36:22,101] 	INFO 	102 	id_data.py 	<module>() 	TC ID Data Ended
[2025-04-02 13:49:09,678] 	INFO 	32 	id_data.py 	<module>() 	TC ID Data Started
[2025-04-02 13:49:11,595] 	INFO 	102 	id_data.py 	<module>() 	TC ID Data Ended
[2025-04-02 14:12:03,240] 	INFO 	32 	id_data.py 	<module>() 	TC ID Data Started
[2025-04-02 14:12:07,576] 	INFO 	102 	id_data.py 	<module>() 	TC ID Data Ended
[2025-04-02 14:33:08,308] 	INFO 	32 	id_data.py 	<module>() 	TC ID Data Started
[2025-04-02 14:33:11,820] 	INFO 	102 	id_data.py 	<module>() 	TC ID Data Ended
[2025-04-02 14:48:59,513] 	INFO 	32 	id_data.py 	<module>() 	TC ID Data Started
[2025-04-02 14:49:01,674] 	INFO 	102 	id_data.py 	<module>() 	TC ID Data Ended
[2025-04-02 15:12:31,717] 	INFO 	32 	id_data.py 	<module>() 	TC ID Data Started
[2025-04-02 15:12:34,189] 	INFO 	102 	id_data.py 	<module>() 	TC ID Data Ended
[2025-04-02 15:32:08,452] 	INFO 	32 	id_data.py 	<module>() 	TC ID Data Started
[2025-04-02 15:32:10,675] 	INFO 	102 	id_data.py 	<module>() 	TC ID Data Ended
[2025-04-02 15:49:06,847] 	INFO 	32 	id_data.py 	<module>() 	TC ID Data Started
[2025-04-02 15:49:09,498] 	INFO 	102 	id_data.py 	<module>() 	TC ID Data Ended
[2025-04-02 16:15:11,615] 	INFO 	32 	id_data.py 	<module>() 	TC ID Data Started
[2025-04-02 16:15:14,532] 	INFO 	102 	id_data.py 	<module>() 	TC ID Data Ended
[2025-04-02 16:42:26,006] 	INFO 	32 	id_data.py 	<module>() 	TC ID Data Started
[2025-04-02 16:42:28,938] 	INFO 	102 	id_data.py 	<module>() 	TC ID Data Ended
[2025-04-02 16:54:29,100] 	INFO 	32 	id_data.py 	<module>() 	TC ID Data Started
[2025-04-02 16:54:30,973] 	INFO 	102 	id_data.py 	<module>() 	TC ID Data Ended
[2025-04-02 17:10:29,635] 	INFO 	32 	id_data.py 	<module>() 	TC ID Data Started
[2025-04-02 17:10:33,039] 	INFO 	102 	id_data.py 	<module>() 	TC ID Data Ended
[2025-04-02 17:29:20,792] 	INFO 	32 	id_data.py 	<module>() 	TC ID Data Started
[2025-04-02 17:29:23,656] 	INFO 	102 	id_data.py 	<module>() 	TC ID Data Ended
[2025-04-02 17:40:02,777] 	INFO 	32 	id_data.py 	<module>() 	TC ID Data Started
[2025-04-02 17:40:06,065] 	INFO 	102 	id_data.py 	<module>() 	TC ID Data Ended
[2025-04-02 17:47:39,419] 	INFO 	32 	id_data.py 	<module>() 	TC ID Data Started
[2025-04-02 17:47:40,968] 	INFO 	102 	id_data.py 	<module>() 	TC ID Data Ended
[2025-04-02 18:16:29,966] 	INFO 	32 	id_data.py 	<module>() 	TC ID Data Started
[2025-04-02 18:16:33,184] 	INFO 	102 	id_data.py 	<module>() 	TC ID Data Ended
[2025-04-02 18:44:47,399] 	INFO 	32 	id_data.py 	<module>() 	TC ID Data Started
[2025-04-02 18:44:49,531] 	INFO 	102 	id_data.py 	<module>() 	TC ID Data Ended
[2025-04-02 18:53:41,181] 	INFO 	32 	id_data.py 	<module>() 	TC ID Data Started
[2025-04-02 18:53:43,383] 	INFO 	102 	id_data.py 	<module>() 	TC ID Data Ended
[2025-04-02 19:09:43,482] 	INFO 	32 	id_data.py 	<module>() 	TC ID Data Started
[2025-04-02 19:09:45,533] 	INFO 	102 	id_data.py 	<module>() 	TC ID Data Ended
[2025-04-02 19:23:07,996] 	INFO 	32 	id_data.py 	<module>() 	TC ID Data Started
[2025-04-02 19:23:09,801] 	INFO 	102 	id_data.py 	<module>() 	TC ID Data Ended
[2025-04-02 19:33:42,882] 	INFO 	32 	id_data.py 	<module>() 	TC ID Data Started
[2025-04-02 19:33:44,862] 	INFO 	102 	id_data.py 	<module>() 	TC ID Data Ended
[2025-04-02 19:47:40,297] 	INFO 	32 	id_data.py 	<module>() 	TC ID Data Started
[2025-04-02 19:47:42,361] 	INFO 	102 	id_data.py 	<module>() 	TC ID Data Ended
[2025-04-02 20:13:15,031] 	INFO 	32 	id_data.py 	<module>() 	TC ID Data Started
[2025-04-02 20:13:17,074] 	INFO 	102 	id_data.py 	<module>() 	TC ID Data Ended
[2025-04-02 20:31:15,734] 	INFO 	32 	id_data.py 	<module>() 	TC ID Data Started
[2025-04-02 20:31:19,119] 	INFO 	102 	id_data.py 	<module>() 	TC ID Data Ended
[2025-04-02 20:47:49,942] 	INFO 	32 	id_data.py 	<module>() 	TC ID Data Started
[2025-04-02 20:47:52,511] 	INFO 	102 	id_data.py 	<module>() 	TC ID Data Ended
[2025-04-02 21:10:52,059] 	INFO 	32 	id_data.py 	<module>() 	TC ID Data Started
[2025-04-02 21:10:54,920] 	INFO 	102 	id_data.py 	<module>() 	TC ID Data Ended
[2025-04-02 21:26:54,717] 	INFO 	32 	id_data.py 	<module>() 	TC ID Data Started
[2025-04-02 21:26:57,465] 	INFO 	102 	id_data.py 	<module>() 	TC ID Data Ended
[2025-04-02 21:36:14,036] 	INFO 	32 	id_data.py 	<module>() 	TC ID Data Started
[2025-04-02 21:36:16,085] 	INFO 	102 	id_data.py 	<module>() 	TC ID Data Ended
[2025-04-02 21:47:46,663] 	INFO 	32 	id_data.py 	<module>() 	TC ID Data Started
[2025-04-02 21:47:49,337] 	INFO 	102 	id_data.py 	<module>() 	TC ID Data Ended
[2025-04-02 22:10:53,382] 	INFO 	32 	id_data.py 	<module>() 	TC ID Data Started
[2025-04-02 22:10:55,439] 	INFO 	102 	id_data.py 	<module>() 	TC ID Data Ended
[2025-04-02 22:31:05,433] 	INFO 	32 	id_data.py 	<module>() 	TC ID Data Started
[2025-04-02 22:31:07,421] 	INFO 	102 	id_data.py 	<module>() 	TC ID Data Ended
[2025-04-02 22:47:49,738] 	INFO 	32 	id_data.py 	<module>() 	TC ID Data Started
[2025-04-02 22:47:51,472] 	INFO 	102 	id_data.py 	<module>() 	TC ID Data Ended
[2025-04-02 23:11:00,184] 	INFO 	32 	id_data.py 	<module>() 	TC ID Data Started
[2025-04-02 23:11:05,553] 	ERROR 	104 	id_data.py 	<module>() 	Error occurred during TC ID Data process. Error: HTTP Error 502: Bad Gateway
Traceback (most recent call last):
  File "id_data.py", line 72, in <module>
    ids_df_old = pd.read_csv(id_data_csv)
  File "/opt/hostedtoolcache/Python/3.8.18/x64/lib/python3.8/site-packages/pandas/io/parsers/readers.py", line 912, in read_csv
    return _read(filepath_or_buffer, kwds)
  File "/opt/hostedtoolcache/Python/3.8.18/x64/lib/python3.8/site-packages/pandas/io/parsers/readers.py", line 577, in _read
    parser = TextFileReader(filepath_or_buffer, **kwds)
  File "/opt/hostedtoolcache/Python/3.8.18/x64/lib/python3.8/site-packages/pandas/io/parsers/readers.py", line 1407, in __init__
    self._engine = self._make_engine(f, self.engine)
  File "/opt/hostedtoolcache/Python/3.8.18/x64/lib/python3.8/site-packages/pandas/io/parsers/readers.py", line 1661, in _make_engine
    self.handles = get_handle(
  File "/opt/hostedtoolcache/Python/3.8.18/x64/lib/python3.8/site-packages/pandas/io/common.py", line 716, in get_handle
    ioargs = _get_filepath_or_buffer(
  File "/opt/hostedtoolcache/Python/3.8.18/x64/lib/python3.8/site-packages/pandas/io/common.py", line 368, in _get_filepath_or_buffer
    with urlopen(req_info) as req:
  File "/opt/hostedtoolcache/Python/3.8.18/x64/lib/python3.8/site-packages/pandas/io/common.py", line 270, in urlopen
    return urllib.request.urlopen(*args, **kwargs)
  File "/opt/hostedtoolcache/Python/3.8.18/x64/lib/python3.8/urllib/request.py", line 222, in urlopen
    return opener.open(url, data, timeout)
  File "/opt/hostedtoolcache/Python/3.8.18/x64/lib/python3.8/urllib/request.py", line 531, in open
    response = meth(req, response)
  File "/opt/hostedtoolcache/Python/3.8.18/x64/lib/python3.8/urllib/request.py", line 640, in http_response
    response = self.parent.error(
  File "/opt/hostedtoolcache/Python/3.8.18/x64/lib/python3.8/urllib/request.py", line 563, in error
    result = self._call_chain(*args)
  File "/opt/hostedtoolcache/Python/3.8.18/x64/lib/python3.8/urllib/request.py", line 502, in _call_chain
    result = func(*args)
  File "/opt/hostedtoolcache/Python/3.8.18/x64/lib/python3.8/urllib/request.py", line 755, in http_error_302
    return self.parent.open(new, timeout=req.timeout)
  File "/opt/hostedtoolcache/Python/3.8.18/x64/lib/python3.8/urllib/request.py", line 531, in open
    response = meth(req, response)
  File "/opt/hostedtoolcache/Python/3.8.18/x64/lib/python3.8/urllib/request.py", line 640, in http_response
    response = self.parent.error(
  File "/opt/hostedtoolcache/Python/3.8.18/x64/lib/python3.8/urllib/request.py", line 569, in error
    return self._call_chain(*args)
  File "/opt/hostedtoolcache/Python/3.8.18/x64/lib/python3.8/urllib/request.py", line 502, in _call_chain
    result = func(*args)
  File "/opt/hostedtoolcache/Python/3.8.18/x64/lib/python3.8/urllib/request.py", line 649, in http_error_default
    raise HTTPError(req.full_url, code, msg, hdrs, fp)
urllib.error.HTTPError: HTTP Error 502: Bad Gateway
[2025-04-02 23:26:47,745] 	INFO 	32 	id_data.py 	<module>() 	TC ID Data Started
[2025-04-02 23:26:50,873] 	INFO 	102 	id_data.py 	<module>() 	TC ID Data Ended
[2025-04-02 23:35:58,402] 	INFO 	32 	id_data.py 	<module>() 	TC ID Data Started
[2025-04-02 23:36:01,227] 	INFO 	102 	id_data.py 	<module>() 	TC ID Data Ended
[2025-04-02 23:47:55,887] 	INFO 	32 	id_data.py 	<module>() 	TC ID Data Started
[2025-04-02 23:47:58,200] 	INFO 	102 	id_data.py 	<module>() 	TC ID Data Ended
[2025-04-03 00:56:24,945] 	INFO 	32 	id_data.py 	<module>() 	TC ID Data Started
[2025-04-03 00:56:25,223] 	ERROR 	104 	id_data.py 	<module>() 	Error occurred during TC ID Data process. Error: Dataframe is empty
Traceback (most recent call last):
  File "id_data.py", line 58, in <module>
    raise Exception('Dataframe is empty')
Exception: Dataframe is empty
[2025-04-03 02:22:42,699] 	INFO 	32 	id_data.py 	<module>() 	TC ID Data Started
[2025-04-03 02:22:42,943] 	ERROR 	104 	id_data.py 	<module>() 	Error occurred during TC ID Data process. Error: Dataframe is empty
Traceback (most recent call last):
  File "id_data.py", line 58, in <module>
    raise Exception('Dataframe is empty')
Exception: Dataframe is empty
[2025-04-03 03:11:26,652] 	INFO 	32 	id_data.py 	<module>() 	TC ID Data Started
[2025-04-03 03:11:26,950] 	ERROR 	104 	id_data.py 	<module>() 	Error occurred during TC ID Data process. Error: Dataframe is empty
Traceback (most recent call last):
  File "id_data.py", line 58, in <module>
    raise Exception('Dataframe is empty')
Exception: Dataframe is empty
[2025-04-03 03:44:27,981] 	INFO 	32 	id_data.py 	<module>() 	TC ID Data Started
[2025-04-03 03:44:28,202] 	ERROR 	104 	id_data.py 	<module>() 	Error occurred during TC ID Data process. Error: Dataframe is empty
Traceback (most recent call last):
  File "id_data.py", line 58, in <module>
    raise Exception('Dataframe is empty')
Exception: Dataframe is empty
[2025-04-03 03:55:51,913] 	INFO 	32 	id_data.py 	<module>() 	TC ID Data Started
[2025-04-03 03:55:52,239] 	ERROR 	104 	id_data.py 	<module>() 	Error occurred during TC ID Data process. Error: Dataframe is empty
Traceback (most recent call last):
  File "id_data.py", line 58, in <module>
    raise Exception('Dataframe is empty')
Exception: Dataframe is empty
[2025-04-03 04:15:24,463] 	INFO 	32 	id_data.py 	<module>() 	TC ID Data Started
[2025-04-03 04:15:24,730] 	ERROR 	104 	id_data.py 	<module>() 	Error occurred during TC ID Data process. Error: Dataframe is empty
Traceback (most recent call last):
  File "id_data.py", line 58, in <module>
    raise Exception('Dataframe is empty')
Exception: Dataframe is empty
[2025-04-03 04:37:57,245] 	INFO 	32 	id_data.py 	<module>() 	TC ID Data Started
[2025-04-03 04:37:57,519] 	ERROR 	104 	id_data.py 	<module>() 	Error occurred during TC ID Data process. Error: Dataframe is empty
Traceback (most recent call last):
  File "id_data.py", line 58, in <module>
    raise Exception('Dataframe is empty')
Exception: Dataframe is empty
[2025-04-03 04:51:51,930] 	INFO 	32 	id_data.py 	<module>() 	TC ID Data Started
[2025-04-03 04:51:52,217] 	ERROR 	104 	id_data.py 	<module>() 	Error occurred during TC ID Data process. Error: Dataframe is empty
Traceback (most recent call last):
  File "id_data.py", line 58, in <module>
    raise Exception('Dataframe is empty')
Exception: Dataframe is empty
[2025-04-03 05:12:22,920] 	INFO 	32 	id_data.py 	<module>() 	TC ID Data Started
[2025-04-03 05:12:23,207] 	ERROR 	104 	id_data.py 	<module>() 	Error occurred during TC ID Data process. Error: Dataframe is empty
Traceback (most recent call last):
  File "id_data.py", line 58, in <module>
    raise Exception('Dataframe is empty')
Exception: Dataframe is empty
[2025-04-03 05:31:40,201] 	INFO 	32 	id_data.py 	<module>() 	TC ID Data Started
[2025-04-03 05:31:40,434] 	ERROR 	104 	id_data.py 	<module>() 	Error occurred during TC ID Data process. Error: Dataframe is empty
Traceback (most recent call last):
  File "id_data.py", line 58, in <module>
    raise Exception('Dataframe is empty')
Exception: Dataframe is empty
[2025-04-03 05:47:35,931] 	INFO 	32 	id_data.py 	<module>() 	TC ID Data Started
[2025-04-03 05:47:36,212] 	ERROR 	104 	id_data.py 	<module>() 	Error occurred during TC ID Data process. Error: Dataframe is empty
Traceback (most recent call last):
  File "id_data.py", line 58, in <module>
    raise Exception('Dataframe is empty')
Exception: Dataframe is empty
[2025-04-03 06:17:31,721] 	INFO 	32 	id_data.py 	<module>() 	TC ID Data Started
[2025-04-03 06:17:32,003] 	ERROR 	104 	id_data.py 	<module>() 	Error occurred during TC ID Data process. Error: Dataframe is empty
Traceback (most recent call last):
  File "id_data.py", line 58, in <module>
    raise Exception('Dataframe is empty')
Exception: Dataframe is empty
[2025-04-03 06:45:20,957] 	INFO 	32 	id_data.py 	<module>() 	TC ID Data Started
[2025-04-03 06:45:21,242] 	ERROR 	104 	id_data.py 	<module>() 	Error occurred during TC ID Data process. Error: Dataframe is empty
Traceback (most recent call last):
  File "id_data.py", line 58, in <module>
    raise Exception('Dataframe is empty')
Exception: Dataframe is empty
[2025-04-03 06:54:15,604] 	INFO 	32 	id_data.py 	<module>() 	TC ID Data Started
[2025-04-03 06:54:15,823] 	ERROR 	104 	id_data.py 	<module>() 	Error occurred during TC ID Data process. Error: Dataframe is empty
Traceback (most recent call last):
  File "id_data.py", line 58, in <module>
    raise Exception('Dataframe is empty')
Exception: Dataframe is empty
[2025-04-03 07:12:15,607] 	INFO 	32 	id_data.py 	<module>() 	TC ID Data Started
[2025-04-03 07:12:15,924] 	ERROR 	104 	id_data.py 	<module>() 	Error occurred during TC ID Data process. Error: Dataframe is empty
Traceback (most recent call last):
  File "id_data.py", line 58, in <module>
    raise Exception('Dataframe is empty')
Exception: Dataframe is empty
[2025-04-03 07:28:11,397] 	INFO 	32 	id_data.py 	<module>() 	TC ID Data Started
[2025-04-03 07:28:11,654] 	ERROR 	104 	id_data.py 	<module>() 	Error occurred during TC ID Data process. Error: Dataframe is empty
Traceback (most recent call last):
  File "id_data.py", line 58, in <module>
    raise Exception('Dataframe is empty')
Exception: Dataframe is empty
[2025-04-03 07:37:09,441] 	INFO 	32 	id_data.py 	<module>() 	TC ID Data Started
[2025-04-03 07:37:09,678] 	ERROR 	104 	id_data.py 	<module>() 	Error occurred during TC ID Data process. Error: Dataframe is empty
Traceback (most recent call last):
  File "id_data.py", line 58, in <module>
    raise Exception('Dataframe is empty')
Exception: Dataframe is empty
[2025-04-03 07:47:47,609] 	INFO 	32 	id_data.py 	<module>() 	TC ID Data Started
[2025-04-03 07:47:47,913] 	ERROR 	104 	id_data.py 	<module>() 	Error occurred during TC ID Data process. Error: Dataframe is empty
Traceback (most recent call last):
  File "id_data.py", line 58, in <module>
    raise Exception('Dataframe is empty')
Exception: Dataframe is empty
[2025-04-03 08:16:00,178] 	INFO 	32 	id_data.py 	<module>() 	TC ID Data Started
[2025-04-03 08:16:00,397] 	ERROR 	104 	id_data.py 	<module>() 	Error occurred during TC ID Data process. Error: Dataframe is empty
Traceback (most recent call last):
  File "id_data.py", line 58, in <module>
    raise Exception('Dataframe is empty')
Exception: Dataframe is empty
[2025-04-03 08:43:19,663] 	INFO 	32 	id_data.py 	<module>() 	TC ID Data Started
[2025-04-03 08:43:19,878] 	ERROR 	104 	id_data.py 	<module>() 	Error occurred during TC ID Data process. Error: Dataframe is empty
Traceback (most recent call last):
  File "id_data.py", line 58, in <module>
    raise Exception('Dataframe is empty')
Exception: Dataframe is empty
[2025-04-03 08:53:25,116] 	INFO 	32 	id_data.py 	<module>() 	TC ID Data Started
[2025-04-03 08:53:25,405] 	ERROR 	104 	id_data.py 	<module>() 	Error occurred during TC ID Data process. Error: Dataframe is empty
Traceback (most recent call last):
  File "id_data.py", line 58, in <module>
    raise Exception('Dataframe is empty')
Exception: Dataframe is empty
[2025-04-03 09:12:53,079] 	INFO 	32 	id_data.py 	<module>() 	TC ID Data Started
[2025-04-03 09:12:53,331] 	ERROR 	104 	id_data.py 	<module>() 	Error occurred during TC ID Data process. Error: Dataframe is empty
Traceback (most recent call last):
  File "id_data.py", line 58, in <module>
    raise Exception('Dataframe is empty')
Exception: Dataframe is empty
[2025-04-03 09:31:11,806] 	INFO 	32 	id_data.py 	<module>() 	TC ID Data Started
[2025-04-03 09:31:12,064] 	ERROR 	104 	id_data.py 	<module>() 	Error occurred during TC ID Data process. Error: Dataframe is empty
Traceback (most recent call last):
  File "id_data.py", line 58, in <module>
    raise Exception('Dataframe is empty')
Exception: Dataframe is empty
[2025-04-03 09:47:29,829] 	INFO 	32 	id_data.py 	<module>() 	TC ID Data Started
[2025-04-03 09:47:30,115] 	ERROR 	104 	id_data.py 	<module>() 	Error occurred during TC ID Data process. Error: Dataframe is empty
Traceback (most recent call last):
  File "id_data.py", line 58, in <module>
    raise Exception('Dataframe is empty')
Exception: Dataframe is empty
[2025-04-03 10:12:46,370] 	INFO 	32 	id_data.py 	<module>() 	TC ID Data Started
[2025-04-03 10:12:46,677] 	ERROR 	104 	id_data.py 	<module>() 	Error occurred during TC ID Data process. Error: Dataframe is empty
Traceback (most recent call last):
  File "id_data.py", line 58, in <module>
    raise Exception('Dataframe is empty')
Exception: Dataframe is empty
[2025-04-03 10:35:15,314] 	INFO 	32 	id_data.py 	<module>() 	TC ID Data Started
[2025-04-03 10:35:15,602] 	ERROR 	104 	id_data.py 	<module>() 	Error occurred during TC ID Data process. Error: Dataframe is empty
Traceback (most recent call last):
  File "id_data.py", line 58, in <module>
    raise Exception('Dataframe is empty')
Exception: Dataframe is empty
[2025-04-03 10:49:27,515] 	INFO 	32 	id_data.py 	<module>() 	TC ID Data Started
[2025-04-03 10:49:27,785] 	ERROR 	104 	id_data.py 	<module>() 	Error occurred during TC ID Data process. Error: Dataframe is empty
Traceback (most recent call last):
  File "id_data.py", line 58, in <module>
    raise Exception('Dataframe is empty')
Exception: Dataframe is empty
[2025-04-03 11:11:06,977] 	INFO 	32 	id_data.py 	<module>() 	TC ID Data Started
[2025-04-03 11:11:07,167] 	ERROR 	104 	id_data.py 	<module>() 	Error occurred during TC ID Data process. Error: Dataframe is empty
Traceback (most recent call last):
  File "id_data.py", line 58, in <module>
    raise Exception('Dataframe is empty')
Exception: Dataframe is empty
[2025-04-03 11:26:46,186] 	INFO 	32 	id_data.py 	<module>() 	TC ID Data Started
[2025-04-03 11:26:46,477] 	ERROR 	104 	id_data.py 	<module>() 	Error occurred during TC ID Data process. Error: Dataframe is empty
Traceback (most recent call last):
  File "id_data.py", line 58, in <module>
    raise Exception('Dataframe is empty')
Exception: Dataframe is empty
[2025-04-03 11:36:34,720] 	INFO 	32 	id_data.py 	<module>() 	TC ID Data Started
[2025-04-03 11:36:34,989] 	ERROR 	104 	id_data.py 	<module>() 	Error occurred during TC ID Data process. Error: Dataframe is empty
Traceback (most recent call last):
  File "id_data.py", line 58, in <module>
    raise Exception('Dataframe is empty')
Exception: Dataframe is empty
[2025-04-03 11:47:59,278] 	INFO 	32 	id_data.py 	<module>() 	TC ID Data Started
[2025-04-03 11:47:59,488] 	ERROR 	104 	id_data.py 	<module>() 	Error occurred during TC ID Data process. Error: Dataframe is empty
Traceback (most recent call last):
  File "id_data.py", line 58, in <module>
    raise Exception('Dataframe is empty')
Exception: Dataframe is empty
[2025-04-03 12:22:26,898] 	INFO 	32 	id_data.py 	<module>() 	TC ID Data Started
[2025-04-03 12:22:27,245] 	ERROR 	104 	id_data.py 	<module>() 	Error occurred during TC ID Data process. Error: Dataframe is empty
Traceback (most recent call last):
  File "id_data.py", line 58, in <module>
    raise Exception('Dataframe is empty')
Exception: Dataframe is empty
[2025-04-03 13:01:11,280] 	INFO 	32 	id_data.py 	<module>() 	TC ID Data Started
[2025-04-03 13:01:11,654] 	ERROR 	104 	id_data.py 	<module>() 	Error occurred during TC ID Data process. Error: Dataframe is empty
Traceback (most recent call last):
  File "id_data.py", line 58, in <module>
    raise Exception('Dataframe is empty')
Exception: Dataframe is empty
[2025-04-03 13:36:08,394] 	INFO 	32 	id_data.py 	<module>() 	TC ID Data Started
[2025-04-03 13:36:08,640] 	ERROR 	104 	id_data.py 	<module>() 	Error occurred during TC ID Data process. Error: Dataframe is empty
Traceback (most recent call last):
  File "id_data.py", line 58, in <module>
    raise Exception('Dataframe is empty')
Exception: Dataframe is empty
[2025-04-03 13:49:03,250] 	INFO 	32 	id_data.py 	<module>() 	TC ID Data Started
[2025-04-03 13:49:03,492] 	ERROR 	104 	id_data.py 	<module>() 	Error occurred during TC ID Data process. Error: Dataframe is empty
Traceback (most recent call last):
  File "id_data.py", line 58, in <module>
    raise Exception('Dataframe is empty')
Exception: Dataframe is empty
[2025-04-03 14:11:47,817] 	INFO 	32 	id_data.py 	<module>() 	TC ID Data Started
[2025-04-03 14:11:48,236] 	ERROR 	104 	id_data.py 	<module>() 	Error occurred during TC ID Data process. Error: Dataframe is empty
Traceback (most recent call last):
  File "id_data.py", line 58, in <module>
    raise Exception('Dataframe is empty')
Exception: Dataframe is empty
[2025-04-03 14:32:51,650] 	INFO 	32 	id_data.py 	<module>() 	TC ID Data Started
[2025-04-03 14:32:51,935] 	ERROR 	104 	id_data.py 	<module>() 	Error occurred during TC ID Data process. Error: Dataframe is empty
Traceback (most recent call last):
  File "id_data.py", line 58, in <module>
    raise Exception('Dataframe is empty')
Exception: Dataframe is empty
[2025-04-03 14:48:37,135] 	INFO 	32 	id_data.py 	<module>() 	TC ID Data Started
[2025-04-03 14:48:37,439] 	ERROR 	104 	id_data.py 	<module>() 	Error occurred during TC ID Data process. Error: Dataframe is empty
Traceback (most recent call last):
  File "id_data.py", line 58, in <module>
    raise Exception('Dataframe is empty')
Exception: Dataframe is empty
[2025-04-03 15:11:37,532] 	INFO 	32 	id_data.py 	<module>() 	TC ID Data Started
[2025-04-03 15:11:37,911] 	ERROR 	104 	id_data.py 	<module>() 	Error occurred during TC ID Data process. Error: Dataframe is empty
Traceback (most recent call last):
  File "id_data.py", line 58, in <module>
    raise Exception('Dataframe is empty')
Exception: Dataframe is empty
[2025-04-03 15:30:12,216] 	INFO 	32 	id_data.py 	<module>() 	TC ID Data Started
[2025-04-03 15:30:12,509] 	ERROR 	104 	id_data.py 	<module>() 	Error occurred during TC ID Data process. Error: Dataframe is empty
Traceback (most recent call last):
  File "id_data.py", line 58, in <module>
    raise Exception('Dataframe is empty')
Exception: Dataframe is empty
[2025-04-03 15:42:01,846] 	INFO 	32 	id_data.py 	<module>() 	TC ID Data Started
[2025-04-03 15:42:02,151] 	ERROR 	104 	id_data.py 	<module>() 	Error occurred during TC ID Data process. Error: Dataframe is empty
Traceback (most recent call last):
  File "id_data.py", line 58, in <module>
    raise Exception('Dataframe is empty')
Exception: Dataframe is empty
[2025-04-03 15:49:16,191] 	INFO 	32 	id_data.py 	<module>() 	TC ID Data Started
[2025-04-03 15:49:16,391] 	ERROR 	104 	id_data.py 	<module>() 	Error occurred during TC ID Data process. Error: Dataframe is empty
Traceback (most recent call last):
  File "id_data.py", line 58, in <module>
    raise Exception('Dataframe is empty')
Exception: Dataframe is empty
[2025-04-03 16:14:12,065] 	INFO 	32 	id_data.py 	<module>() 	TC ID Data Started
[2025-04-03 16:14:12,327] 	ERROR 	104 	id_data.py 	<module>() 	Error occurred during TC ID Data process. Error: Dataframe is empty
Traceback (most recent call last):
  File "id_data.py", line 58, in <module>
    raise Exception('Dataframe is empty')
Exception: Dataframe is empty
[2025-04-03 16:39:21,011] 	INFO 	32 	id_data.py 	<module>() 	TC ID Data Started
[2025-04-03 16:39:21,387] 	ERROR 	104 	id_data.py 	<module>() 	Error occurred during TC ID Data process. Error: Dataframe is empty
Traceback (most recent call last):
  File "id_data.py", line 58, in <module>
    raise Exception('Dataframe is empty')
Exception: Dataframe is empty
[2025-04-03 16:53:03,019] 	INFO 	32 	id_data.py 	<module>() 	TC ID Data Started
[2025-04-03 16:53:03,377] 	ERROR 	104 	id_data.py 	<module>() 	Error occurred during TC ID Data process. Error: Dataframe is empty
Traceback (most recent call last):
  File "id_data.py", line 58, in <module>
    raise Exception('Dataframe is empty')
Exception: Dataframe is empty
[2025-04-03 17:10:53,814] 	INFO 	32 	id_data.py 	<module>() 	TC ID Data Started
[2025-04-03 17:10:54,018] 	ERROR 	104 	id_data.py 	<module>() 	Error occurred during TC ID Data process. Error: Dataframe is empty
Traceback (most recent call last):
  File "id_data.py", line 58, in <module>
    raise Exception('Dataframe is empty')
Exception: Dataframe is empty
[2025-04-03 17:29:30,404] 	INFO 	32 	id_data.py 	<module>() 	TC ID Data Started
[2025-04-03 17:29:30,674] 	ERROR 	104 	id_data.py 	<module>() 	Error occurred during TC ID Data process. Error: Dataframe is empty
Traceback (most recent call last):
  File "id_data.py", line 58, in <module>
    raise Exception('Dataframe is empty')
Exception: Dataframe is empty
[2025-04-03 17:40:17,669] 	INFO 	32 	id_data.py 	<module>() 	TC ID Data Started
[2025-04-03 17:40:18,010] 	ERROR 	104 	id_data.py 	<module>() 	Error occurred during TC ID Data process. Error: Dataframe is empty
Traceback (most recent call last):
  File "id_data.py", line 58, in <module>
    raise Exception('Dataframe is empty')
Exception: Dataframe is empty
[2025-04-03 17:47:44,368] 	INFO 	32 	id_data.py 	<module>() 	TC ID Data Started
[2025-04-03 17:47:44,761] 	ERROR 	104 	id_data.py 	<module>() 	Error occurred during TC ID Data process. Error: Dataframe is empty
Traceback (most recent call last):
  File "id_data.py", line 58, in <module>
    raise Exception('Dataframe is empty')
Exception: Dataframe is empty
[2025-04-03 18:16:11,290] 	INFO 	32 	id_data.py 	<module>() 	TC ID Data Started
[2025-04-03 18:16:11,635] 	ERROR 	104 	id_data.py 	<module>() 	Error occurred during TC ID Data process. Error: Dataframe is empty
Traceback (most recent call last):
  File "id_data.py", line 58, in <module>
    raise Exception('Dataframe is empty')
Exception: Dataframe is empty
[2025-04-03 18:44:09,607] 	INFO 	32 	id_data.py 	<module>() 	TC ID Data Started
[2025-04-03 18:44:09,810] 	ERROR 	104 	id_data.py 	<module>() 	Error occurred during TC ID Data process. Error: Dataframe is empty
Traceback (most recent call last):
  File "id_data.py", line 58, in <module>
    raise Exception('Dataframe is empty')
Exception: Dataframe is empty
[2025-04-03 18:53:06,269] 	INFO 	32 	id_data.py 	<module>() 	TC ID Data Started
[2025-04-03 18:53:06,626] 	ERROR 	104 	id_data.py 	<module>() 	Error occurred during TC ID Data process. Error: Dataframe is empty
Traceback (most recent call last):
  File "id_data.py", line 58, in <module>
    raise Exception('Dataframe is empty')
Exception: Dataframe is empty
[2025-04-03 19:09:35,535] 	INFO 	32 	id_data.py 	<module>() 	TC ID Data Started
[2025-04-03 19:09:35,751] 	ERROR 	104 	id_data.py 	<module>() 	Error occurred during TC ID Data process. Error: Dataframe is empty
Traceback (most recent call last):
  File "id_data.py", line 58, in <module>
    raise Exception('Dataframe is empty')
Exception: Dataframe is empty
[2025-04-03 19:23:09,433] 	INFO 	32 	id_data.py 	<module>() 	TC ID Data Started
[2025-04-03 19:23:09,669] 	ERROR 	104 	id_data.py 	<module>() 	Error occurred during TC ID Data process. Error: Dataframe is empty
Traceback (most recent call last):
  File "id_data.py", line 58, in <module>
    raise Exception('Dataframe is empty')
Exception: Dataframe is empty
[2025-04-03 19:34:13,204] 	INFO 	32 	id_data.py 	<module>() 	TC ID Data Started
[2025-04-03 19:34:13,501] 	ERROR 	104 	id_data.py 	<module>() 	Error occurred during TC ID Data process. Error: Dataframe is empty
Traceback (most recent call last):
  File "id_data.py", line 58, in <module>
    raise Exception('Dataframe is empty')
Exception: Dataframe is empty
[2025-04-03 19:47:48,797] 	INFO 	32 	id_data.py 	<module>() 	TC ID Data Started
[2025-04-03 19:47:49,042] 	ERROR 	104 	id_data.py 	<module>() 	Error occurred during TC ID Data process. Error: Dataframe is empty
Traceback (most recent call last):
  File "id_data.py", line 58, in <module>
    raise Exception('Dataframe is empty')
Exception: Dataframe is empty
[2025-04-03 20:12:59,252] 	INFO 	32 	id_data.py 	<module>() 	TC ID Data Started
[2025-04-03 20:12:59,601] 	ERROR 	104 	id_data.py 	<module>() 	Error occurred during TC ID Data process. Error: Dataframe is empty
Traceback (most recent call last):
  File "id_data.py", line 58, in <module>
    raise Exception('Dataframe is empty')
Exception: Dataframe is empty
[2025-04-03 20:31:05,912] 	INFO 	32 	id_data.py 	<module>() 	TC ID Data Started
[2025-04-03 20:31:06,112] 	ERROR 	104 	id_data.py 	<module>() 	Error occurred during TC ID Data process. Error: Dataframe is empty
Traceback (most recent call last):
  File "id_data.py", line 58, in <module>
    raise Exception('Dataframe is empty')
Exception: Dataframe is empty
[2025-04-03 20:47:40,929] 	INFO 	32 	id_data.py 	<module>() 	TC ID Data Started
[2025-04-03 20:47:41,192] 	ERROR 	104 	id_data.py 	<module>() 	Error occurred during TC ID Data process. Error: Dataframe is empty
Traceback (most recent call last):
  File "id_data.py", line 58, in <module>
    raise Exception('Dataframe is empty')
Exception: Dataframe is empty
[2025-04-03 21:10:57,750] 	INFO 	32 	id_data.py 	<module>() 	TC ID Data Started
[2025-04-03 21:10:57,960] 	ERROR 	104 	id_data.py 	<module>() 	Error occurred during TC ID Data process. Error: Dataframe is empty
Traceback (most recent call last):
  File "id_data.py", line 58, in <module>
    raise Exception('Dataframe is empty')
Exception: Dataframe is empty
[2025-04-03 21:27:02,925] 	INFO 	32 	id_data.py 	<module>() 	TC ID Data Started
[2025-04-03 21:27:03,281] 	ERROR 	104 	id_data.py 	<module>() 	Error occurred during TC ID Data process. Error: Dataframe is empty
Traceback (most recent call last):
  File "id_data.py", line 58, in <module>
    raise Exception('Dataframe is empty')
Exception: Dataframe is empty
[2025-04-03 21:36:04,003] 	INFO 	32 	id_data.py 	<module>() 	TC ID Data Started
[2025-04-03 21:36:04,402] 	ERROR 	104 	id_data.py 	<module>() 	Error occurred during TC ID Data process. Error: Dataframe is empty
Traceback (most recent call last):
  File "id_data.py", line 58, in <module>
    raise Exception('Dataframe is empty')
Exception: Dataframe is empty
[2025-04-03 21:47:41,944] 	INFO 	32 	id_data.py 	<module>() 	TC ID Data Started
[2025-04-03 21:47:42,297] 	ERROR 	104 	id_data.py 	<module>() 	Error occurred during TC ID Data process. Error: Dataframe is empty
Traceback (most recent call last):
  File "id_data.py", line 58, in <module>
    raise Exception('Dataframe is empty')
Exception: Dataframe is empty
[2025-04-03 22:10:46,261] 	INFO 	32 	id_data.py 	<module>() 	TC ID Data Started
[2025-04-03 22:10:46,604] 	ERROR 	104 	id_data.py 	<module>() 	Error occurred during TC ID Data process. Error: Dataframe is empty
Traceback (most recent call last):
  File "id_data.py", line 58, in <module>
    raise Exception('Dataframe is empty')
Exception: Dataframe is empty
[2025-04-03 22:30:55,159] 	INFO 	32 	id_data.py 	<module>() 	TC ID Data Started
[2025-04-03 22:30:55,423] 	ERROR 	104 	id_data.py 	<module>() 	Error occurred during TC ID Data process. Error: Dataframe is empty
Traceback (most recent call last):
  File "id_data.py", line 58, in <module>
    raise Exception('Dataframe is empty')
Exception: Dataframe is empty
[2025-04-03 22:47:34,015] 	INFO 	32 	id_data.py 	<module>() 	TC ID Data Started
[2025-04-03 22:47:34,434] 	ERROR 	104 	id_data.py 	<module>() 	Error occurred during TC ID Data process. Error: Dataframe is empty
Traceback (most recent call last):
  File "id_data.py", line 58, in <module>
    raise Exception('Dataframe is empty')
Exception: Dataframe is empty
[2025-04-03 23:12:14,872] 	INFO 	32 	id_data.py 	<module>() 	TC ID Data Started
[2025-04-03 23:12:15,085] 	ERROR 	104 	id_data.py 	<module>() 	Error occurred during TC ID Data process. Error: Dataframe is empty
Traceback (most recent call last):
  File "id_data.py", line 58, in <module>
    raise Exception('Dataframe is empty')
Exception: Dataframe is empty
[2025-04-03 23:28:55,477] 	INFO 	32 	id_data.py 	<module>() 	TC ID Data Started
[2025-04-03 23:28:55,794] 	ERROR 	104 	id_data.py 	<module>() 	Error occurred during TC ID Data process. Error: Dataframe is empty
Traceback (most recent call last):
  File "id_data.py", line 58, in <module>
    raise Exception('Dataframe is empty')
Exception: Dataframe is empty
[2025-04-03 23:39:21,710] 	INFO 	32 	id_data.py 	<module>() 	TC ID Data Started
[2025-04-03 23:39:22,001] 	ERROR 	104 	id_data.py 	<module>() 	Error occurred during TC ID Data process. Error: Dataframe is empty
Traceback (most recent call last):
  File "id_data.py", line 58, in <module>
    raise Exception('Dataframe is empty')
Exception: Dataframe is empty
[2025-04-03 23:47:30,777] 	INFO 	32 	id_data.py 	<module>() 	TC ID Data Started
[2025-04-03 23:47:31,127] 	ERROR 	104 	id_data.py 	<module>() 	Error occurred during TC ID Data process. Error: Dataframe is empty
Traceback (most recent call last):
  File "id_data.py", line 58, in <module>
    raise Exception('Dataframe is empty')
Exception: Dataframe is empty
[2025-04-04 00:55:50,884] 	INFO 	32 	id_data.py 	<module>() 	TC ID Data Started
[2025-04-04 00:55:51,193] 	ERROR 	104 	id_data.py 	<module>() 	Error occurred during TC ID Data process. Error: Dataframe is empty
Traceback (most recent call last):
  File "id_data.py", line 58, in <module>
    raise Exception('Dataframe is empty')
Exception: Dataframe is empty
[2025-04-04 02:21:58,388] 	INFO 	32 	id_data.py 	<module>() 	TC ID Data Started
[2025-04-04 02:21:58,757] 	ERROR 	104 	id_data.py 	<module>() 	Error occurred during TC ID Data process. Error: Dataframe is empty
Traceback (most recent call last):
  File "id_data.py", line 58, in <module>
    raise Exception('Dataframe is empty')
Exception: Dataframe is empty
[2025-04-04 03:10:40,643] 	INFO 	32 	id_data.py 	<module>() 	TC ID Data Started
[2025-04-04 03:10:40,937] 	ERROR 	104 	id_data.py 	<module>() 	Error occurred during TC ID Data process. Error: Dataframe is empty
Traceback (most recent call last):
  File "id_data.py", line 58, in <module>
    raise Exception('Dataframe is empty')
Exception: Dataframe is empty
[2025-04-04 03:41:24,833] 	INFO 	32 	id_data.py 	<module>() 	TC ID Data Started
[2025-04-04 03:41:25,225] 	ERROR 	104 	id_data.py 	<module>() 	Error occurred during TC ID Data process. Error: Dataframe is empty
Traceback (most recent call last):
  File "id_data.py", line 58, in <module>
    raise Exception('Dataframe is empty')
Exception: Dataframe is empty
[2025-04-04 03:53:12,185] 	INFO 	32 	id_data.py 	<module>() 	TC ID Data Started
[2025-04-04 03:53:12,523] 	ERROR 	104 	id_data.py 	<module>() 	Error occurred during TC ID Data process. Error: Dataframe is empty
Traceback (most recent call last):
  File "id_data.py", line 58, in <module>
    raise Exception('Dataframe is empty')
Exception: Dataframe is empty
[2025-04-04 04:14:13,148] 	INFO 	32 	id_data.py 	<module>() 	TC ID Data Started
[2025-04-04 04:14:13,513] 	ERROR 	104 	id_data.py 	<module>() 	Error occurred during TC ID Data process. Error: Dataframe is empty
Traceback (most recent call last):
  File "id_data.py", line 58, in <module>
    raise Exception('Dataframe is empty')
Exception: Dataframe is empty
[2025-04-04 04:34:40,881] 	INFO 	32 	id_data.py 	<module>() 	TC ID Data Started
[2025-04-04 04:34:41,241] 	ERROR 	104 	id_data.py 	<module>() 	Error occurred during TC ID Data process. Error: Dataframe is empty
Traceback (most recent call last):
  File "id_data.py", line 58, in <module>
    raise Exception('Dataframe is empty')
Exception: Dataframe is empty
[2025-04-04 04:50:34,339] 	INFO 	32 	id_data.py 	<module>() 	TC ID Data Started
[2025-04-04 04:50:34,728] 	ERROR 	104 	id_data.py 	<module>() 	Error occurred during TC ID Data process. Error: Dataframe is empty
Traceback (most recent call last):
  File "id_data.py", line 58, in <module>
    raise Exception('Dataframe is empty')
Exception: Dataframe is empty
[2025-04-04 05:12:12,672] 	INFO 	32 	id_data.py 	<module>() 	TC ID Data Started
[2025-04-04 05:12:13,033] 	ERROR 	104 	id_data.py 	<module>() 	Error occurred during TC ID Data process. Error: Dataframe is empty
Traceback (most recent call last):
  File "id_data.py", line 58, in <module>
    raise Exception('Dataframe is empty')
Exception: Dataframe is empty
[2025-04-04 05:32:06,340] 	INFO 	32 	id_data.py 	<module>() 	TC ID Data Started
[2025-04-04 05:32:06,693] 	ERROR 	104 	id_data.py 	<module>() 	Error occurred during TC ID Data process. Error: Dataframe is empty
Traceback (most recent call last):
  File "id_data.py", line 58, in <module>
    raise Exception('Dataframe is empty')
Exception: Dataframe is empty
[2025-04-04 05:47:51,931] 	INFO 	32 	id_data.py 	<module>() 	TC ID Data Started
[2025-04-04 05:47:52,290] 	ERROR 	104 	id_data.py 	<module>() 	Error occurred during TC ID Data process. Error: Dataframe is empty
Traceback (most recent call last):
  File "id_data.py", line 58, in <module>
    raise Exception('Dataframe is empty')
Exception: Dataframe is empty
[2025-04-04 06:16:46,824] 	INFO 	32 	id_data.py 	<module>() 	TC ID Data Started
[2025-04-04 06:16:47,174] 	ERROR 	104 	id_data.py 	<module>() 	Error occurred during TC ID Data process. Error: Dataframe is empty
Traceback (most recent call last):
  File "id_data.py", line 58, in <module>
    raise Exception('Dataframe is empty')
Exception: Dataframe is empty
[2025-04-04 06:44:58,041] 	INFO 	32 	id_data.py 	<module>() 	TC ID Data Started
[2025-04-04 06:44:58,380] 	ERROR 	104 	id_data.py 	<module>() 	Error occurred during TC ID Data process. Error: Dataframe is empty
Traceback (most recent call last):
  File "id_data.py", line 58, in <module>
    raise Exception('Dataframe is empty')
Exception: Dataframe is empty
[2025-04-04 06:53:46,913] 	INFO 	32 	id_data.py 	<module>() 	TC ID Data Started
[2025-04-04 06:53:47,335] 	ERROR 	104 	id_data.py 	<module>() 	Error occurred during TC ID Data process. Error: Dataframe is empty
Traceback (most recent call last):
  File "id_data.py", line 58, in <module>
    raise Exception('Dataframe is empty')
Exception: Dataframe is empty
[2025-04-04 07:11:53,265] 	INFO 	32 	id_data.py 	<module>() 	TC ID Data Started
[2025-04-04 07:11:53,559] 	ERROR 	104 	id_data.py 	<module>() 	Error occurred during TC ID Data process. Error: Dataframe is empty
Traceback (most recent call last):
  File "id_data.py", line 58, in <module>
    raise Exception('Dataframe is empty')
Exception: Dataframe is empty
[2025-04-04 07:27:24,436] 	INFO 	32 	id_data.py 	<module>() 	TC ID Data Started
[2025-04-04 07:27:24,807] 	ERROR 	104 	id_data.py 	<module>() 	Error occurred during TC ID Data process. Error: Dataframe is empty
Traceback (most recent call last):
  File "id_data.py", line 58, in <module>
    raise Exception('Dataframe is empty')
Exception: Dataframe is empty
[2025-04-04 07:36:41,537] 	INFO 	32 	id_data.py 	<module>() 	TC ID Data Started
[2025-04-04 07:36:41,788] 	ERROR 	104 	id_data.py 	<module>() 	Error occurred during TC ID Data process. Error: Dataframe is empty
Traceback (most recent call last):
  File "id_data.py", line 58, in <module>
    raise Exception('Dataframe is empty')
Exception: Dataframe is empty
[2025-04-04 07:47:39,157] 	INFO 	32 	id_data.py 	<module>() 	TC ID Data Started
[2025-04-04 07:47:39,569] 	ERROR 	104 	id_data.py 	<module>() 	Error occurred during TC ID Data process. Error: Dataframe is empty
Traceback (most recent call last):
  File "id_data.py", line 58, in <module>
    raise Exception('Dataframe is empty')
Exception: Dataframe is empty
[2025-04-04 08:16:08,140] 	INFO 	32 	id_data.py 	<module>() 	TC ID Data Started
[2025-04-04 08:16:08,387] 	ERROR 	104 	id_data.py 	<module>() 	Error occurred during TC ID Data process. Error: Dataframe is empty
Traceback (most recent call last):
  File "id_data.py", line 58, in <module>
    raise Exception('Dataframe is empty')
Exception: Dataframe is empty
[2025-04-04 08:42:41,171] 	INFO 	32 	id_data.py 	<module>() 	TC ID Data Started
[2025-04-04 08:42:41,538] 	ERROR 	104 	id_data.py 	<module>() 	Error occurred during TC ID Data process. Error: Dataframe is empty
Traceback (most recent call last):
  File "id_data.py", line 58, in <module>
    raise Exception('Dataframe is empty')
Exception: Dataframe is empty
[2025-04-04 08:53:05,907] 	INFO 	32 	id_data.py 	<module>() 	TC ID Data Started
[2025-04-04 08:53:06,152] 	ERROR 	104 	id_data.py 	<module>() 	Error occurred during TC ID Data process. Error: Dataframe is empty
Traceback (most recent call last):
  File "id_data.py", line 58, in <module>
    raise Exception('Dataframe is empty')
Exception: Dataframe is empty
[2025-04-04 09:12:39,397] 	INFO 	32 	id_data.py 	<module>() 	TC ID Data Started
[2025-04-04 09:12:39,731] 	ERROR 	104 	id_data.py 	<module>() 	Error occurred during TC ID Data process. Error: Dataframe is empty
Traceback (most recent call last):
  File "id_data.py", line 58, in <module>
    raise Exception('Dataframe is empty')
Exception: Dataframe is empty
[2025-04-04 09:30:30,433] 	INFO 	32 	id_data.py 	<module>() 	TC ID Data Started
[2025-04-04 09:30:30,753] 	ERROR 	104 	id_data.py 	<module>() 	Error occurred during TC ID Data process. Error: Dataframe is empty
Traceback (most recent call last):
  File "id_data.py", line 58, in <module>
    raise Exception('Dataframe is empty')
Exception: Dataframe is empty
[2025-04-04 09:47:37,368] 	INFO 	32 	id_data.py 	<module>() 	TC ID Data Started
[2025-04-04 09:47:37,725] 	ERROR 	104 	id_data.py 	<module>() 	Error occurred during TC ID Data process. Error: Dataframe is empty
Traceback (most recent call last):
  File "id_data.py", line 58, in <module>
    raise Exception('Dataframe is empty')
Exception: Dataframe is empty
[2025-04-04 10:12:54,459] 	INFO 	32 	id_data.py 	<module>() 	TC ID Data Started
[2025-04-04 10:12:54,842] 	ERROR 	104 	id_data.py 	<module>() 	Error occurred during TC ID Data process. Error: Dataframe is empty
Traceback (most recent call last):
  File "id_data.py", line 58, in <module>
    raise Exception('Dataframe is empty')
Exception: Dataframe is empty
[2025-04-04 10:34:44,599] 	INFO 	32 	id_data.py 	<module>() 	TC ID Data Started
[2025-04-04 10:34:45,002] 	ERROR 	104 	id_data.py 	<module>() 	Error occurred during TC ID Data process. Error: Dataframe is empty
Traceback (most recent call last):
  File "id_data.py", line 58, in <module>
    raise Exception('Dataframe is empty')
Exception: Dataframe is empty
[2025-04-04 10:48:46,610] 	INFO 	32 	id_data.py 	<module>() 	TC ID Data Started
[2025-04-04 10:48:46,901] 	ERROR 	104 	id_data.py 	<module>() 	Error occurred during TC ID Data process. Error: Dataframe is empty
Traceback (most recent call last):
  File "id_data.py", line 58, in <module>
    raise Exception('Dataframe is empty')
Exception: Dataframe is empty
[2025-04-04 11:10:10,837] 	INFO 	32 	id_data.py 	<module>() 	TC ID Data Started
[2025-04-04 11:10:11,091] 	ERROR 	104 	id_data.py 	<module>() 	Error occurred during TC ID Data process. Error: Dataframe is empty
Traceback (most recent call last):
  File "id_data.py", line 58, in <module>
    raise Exception('Dataframe is empty')
Exception: Dataframe is empty
[2025-04-04 11:25:40,246] 	INFO 	32 	id_data.py 	<module>() 	TC ID Data Started
[2025-04-04 11:25:40,570] 	ERROR 	104 	id_data.py 	<module>() 	Error occurred during TC ID Data process. Error: Dataframe is empty
Traceback (most recent call last):
  File "id_data.py", line 58, in <module>
    raise Exception('Dataframe is empty')
Exception: Dataframe is empty
[2025-04-04 11:34:28,491] 	INFO 	32 	id_data.py 	<module>() 	TC ID Data Started
[2025-04-04 11:34:29,110] 	ERROR 	104 	id_data.py 	<module>() 	Error occurred during TC ID Data process. Error: Dataframe is empty
Traceback (most recent call last):
  File "id_data.py", line 58, in <module>
    raise Exception('Dataframe is empty')
Exception: Dataframe is empty
[2025-04-04 11:47:41,925] 	INFO 	32 	id_data.py 	<module>() 	TC ID Data Started
[2025-04-04 11:47:42,222] 	ERROR 	104 	id_data.py 	<module>() 	Error occurred during TC ID Data process. Error: Dataframe is empty
Traceback (most recent call last):
  File "id_data.py", line 58, in <module>
    raise Exception('Dataframe is empty')
Exception: Dataframe is empty
[2025-04-04 12:21:53,984] 	INFO 	32 	id_data.py 	<module>() 	TC ID Data Started
[2025-04-04 12:21:54,348] 	ERROR 	104 	id_data.py 	<module>() 	Error occurred during TC ID Data process. Error: Dataframe is empty
Traceback (most recent call last):
  File "id_data.py", line 58, in <module>
    raise Exception('Dataframe is empty')
Exception: Dataframe is empty
[2025-04-04 12:59:55,864] 	INFO 	32 	id_data.py 	<module>() 	TC ID Data Started
[2025-04-04 12:59:56,245] 	ERROR 	104 	id_data.py 	<module>() 	Error occurred during TC ID Data process. Error: Dataframe is empty
Traceback (most recent call last):
  File "id_data.py", line 58, in <module>
    raise Exception('Dataframe is empty')
Exception: Dataframe is empty
[2025-04-04 13:29:33,210] 	INFO 	32 	id_data.py 	<module>() 	TC ID Data Started
[2025-04-04 13:29:33,570] 	ERROR 	104 	id_data.py 	<module>() 	Error occurred during TC ID Data process. Error: Dataframe is empty
Traceback (most recent call last):
  File "id_data.py", line 58, in <module>
    raise Exception('Dataframe is empty')
Exception: Dataframe is empty
[2025-04-04 13:43:14,253] 	INFO 	32 	id_data.py 	<module>() 	TC ID Data Started
[2025-04-04 13:43:14,659] 	ERROR 	104 	id_data.py 	<module>() 	Error occurred during TC ID Data process. Error: Dataframe is empty
Traceback (most recent call last):
  File "id_data.py", line 58, in <module>
    raise Exception('Dataframe is empty')
Exception: Dataframe is empty
[2025-04-04 13:50:28,207] 	INFO 	32 	id_data.py 	<module>() 	TC ID Data Started
[2025-04-04 13:50:28,554] 	ERROR 	104 	id_data.py 	<module>() 	Error occurred during TC ID Data process. Error: Dataframe is empty
Traceback (most recent call last):
  File "id_data.py", line 58, in <module>
    raise Exception('Dataframe is empty')
Exception: Dataframe is empty
[2025-04-04 14:11:41,391] 	INFO 	32 	id_data.py 	<module>() 	TC ID Data Started
[2025-04-04 14:11:41,717] 	ERROR 	104 	id_data.py 	<module>() 	Error occurred during TC ID Data process. Error: Dataframe is empty
Traceback (most recent call last):
  File "id_data.py", line 58, in <module>
    raise Exception('Dataframe is empty')
Exception: Dataframe is empty
[2025-04-04 14:31:52,453] 	INFO 	32 	id_data.py 	<module>() 	TC ID Data Started
[2025-04-04 14:31:52,901] 	ERROR 	104 	id_data.py 	<module>() 	Error occurred during TC ID Data process. Error: Dataframe is empty
Traceback (most recent call last):
  File "id_data.py", line 58, in <module>
    raise Exception('Dataframe is empty')
Exception: Dataframe is empty
[2025-04-04 14:47:55,435] 	INFO 	32 	id_data.py 	<module>() 	TC ID Data Started
[2025-04-04 14:47:55,698] 	ERROR 	104 	id_data.py 	<module>() 	Error occurred during TC ID Data process. Error: Dataframe is empty
Traceback (most recent call last):
  File "id_data.py", line 58, in <module>
    raise Exception('Dataframe is empty')
Exception: Dataframe is empty
[2025-04-04 15:12:00,684] 	INFO 	32 	id_data.py 	<module>() 	TC ID Data Started
[2025-04-04 15:12:01,102] 	ERROR 	104 	id_data.py 	<module>() 	Error occurred during TC ID Data process. Error: Dataframe is empty
Traceback (most recent call last):
  File "id_data.py", line 58, in <module>
    raise Exception('Dataframe is empty')
Exception: Dataframe is empty
[2025-04-04 15:31:35,539] 	INFO 	32 	id_data.py 	<module>() 	TC ID Data Started
[2025-04-04 15:31:35,892] 	ERROR 	104 	id_data.py 	<module>() 	Error occurred during TC ID Data process. Error: Dataframe is empty
Traceback (most recent call last):
  File "id_data.py", line 58, in <module>
    raise Exception('Dataframe is empty')
Exception: Dataframe is empty
[2025-04-04 15:49:36,809] 	INFO 	32 	id_data.py 	<module>() 	TC ID Data Started
[2025-04-04 15:49:37,037] 	ERROR 	104 	id_data.py 	<module>() 	Error occurred during TC ID Data process. Error: Dataframe is empty
Traceback (most recent call last):
  File "id_data.py", line 58, in <module>
    raise Exception('Dataframe is empty')
Exception: Dataframe is empty
[2025-04-04 16:14:05,068] 	INFO 	32 	id_data.py 	<module>() 	TC ID Data Started
[2025-04-04 16:14:05,417] 	ERROR 	104 	id_data.py 	<module>() 	Error occurred during TC ID Data process. Error: Dataframe is empty
Traceback (most recent call last):
  File "id_data.py", line 58, in <module>
    raise Exception('Dataframe is empty')
Exception: Dataframe is empty
[2025-04-04 16:36:20,601] 	INFO 	32 	id_data.py 	<module>() 	TC ID Data Started
[2025-04-04 16:36:20,980] 	ERROR 	104 	id_data.py 	<module>() 	Error occurred during TC ID Data process. Error: Dataframe is empty
Traceback (most recent call last):
  File "id_data.py", line 58, in <module>
    raise Exception('Dataframe is empty')
Exception: Dataframe is empty
[2025-04-04 16:51:55,533] 	INFO 	32 	id_data.py 	<module>() 	TC ID Data Started
[2025-04-04 16:51:55,863] 	ERROR 	104 	id_data.py 	<module>() 	Error occurred during TC ID Data process. Error: Dataframe is empty
Traceback (most recent call last):
  File "id_data.py", line 58, in <module>
    raise Exception('Dataframe is empty')
Exception: Dataframe is empty
[2025-04-04 17:10:49,746] 	INFO 	32 	id_data.py 	<module>() 	TC ID Data Started
[2025-04-04 17:10:50,046] 	ERROR 	104 	id_data.py 	<module>() 	Error occurred during TC ID Data process. Error: Dataframe is empty
Traceback (most recent call last):
  File "id_data.py", line 58, in <module>
    raise Exception('Dataframe is empty')
Exception: Dataframe is empty
[2025-04-04 17:29:16,907] 	INFO 	32 	id_data.py 	<module>() 	TC ID Data Started
[2025-04-04 17:29:17,294] 	ERROR 	104 	id_data.py 	<module>() 	Error occurred during TC ID Data process. Error: Dataframe is empty
Traceback (most recent call last):
  File "id_data.py", line 58, in <module>
    raise Exception('Dataframe is empty')
Exception: Dataframe is empty
[2025-04-04 17:39:36,647] 	INFO 	32 	id_data.py 	<module>() 	TC ID Data Started
[2025-04-04 17:39:36,967] 	ERROR 	104 	id_data.py 	<module>() 	Error occurred during TC ID Data process. Error: Dataframe is empty
Traceback (most recent call last):
  File "id_data.py", line 58, in <module>
    raise Exception('Dataframe is empty')
Exception: Dataframe is empty
[2025-04-04 17:47:46,842] 	INFO 	32 	id_data.py 	<module>() 	TC ID Data Started
[2025-04-04 17:47:47,233] 	ERROR 	104 	id_data.py 	<module>() 	Error occurred during TC ID Data process. Error: Dataframe is empty
Traceback (most recent call last):
  File "id_data.py", line 58, in <module>
    raise Exception('Dataframe is empty')
Exception: Dataframe is empty
[2025-04-04 18:15:54,266] 	INFO 	32 	id_data.py 	<module>() 	TC ID Data Started
[2025-04-04 18:15:54,678] 	ERROR 	104 	id_data.py 	<module>() 	Error occurred during TC ID Data process. Error: Dataframe is empty
Traceback (most recent call last):
  File "id_data.py", line 58, in <module>
    raise Exception('Dataframe is empty')
Exception: Dataframe is empty
[2025-04-04 18:43:41,442] 	INFO 	32 	id_data.py 	<module>() 	TC ID Data Started
[2025-04-04 18:43:41,812] 	ERROR 	104 	id_data.py 	<module>() 	Error occurred during TC ID Data process. Error: Dataframe is empty
Traceback (most recent call last):
  File "id_data.py", line 58, in <module>
    raise Exception('Dataframe is empty')
Exception: Dataframe is empty
[2025-04-04 18:52:34,046] 	INFO 	32 	id_data.py 	<module>() 	TC ID Data Started
[2025-04-04 18:52:34,329] 	ERROR 	104 	id_data.py 	<module>() 	Error occurred during TC ID Data process. Error: Dataframe is empty
Traceback (most recent call last):
  File "id_data.py", line 58, in <module>
    raise Exception('Dataframe is empty')
Exception: Dataframe is empty
[2025-04-04 19:09:27,168] 	INFO 	32 	id_data.py 	<module>() 	TC ID Data Started
[2025-04-04 19:09:27,433] 	ERROR 	104 	id_data.py 	<module>() 	Error occurred during TC ID Data process. Error: Dataframe is empty
Traceback (most recent call last):
  File "id_data.py", line 58, in <module>
    raise Exception('Dataframe is empty')
Exception: Dataframe is empty
[2025-04-04 19:24:03,507] 	INFO 	32 	id_data.py 	<module>() 	TC ID Data Started
[2025-04-04 19:24:03,871] 	ERROR 	104 	id_data.py 	<module>() 	Error occurred during TC ID Data process. Error: Dataframe is empty
Traceback (most recent call last):
  File "id_data.py", line 58, in <module>
    raise Exception('Dataframe is empty')
Exception: Dataframe is empty
[2025-04-04 19:33:21,519] 	INFO 	32 	id_data.py 	<module>() 	TC ID Data Started
[2025-04-04 19:33:21,881] 	ERROR 	104 	id_data.py 	<module>() 	Error occurred during TC ID Data process. Error: Dataframe is empty
Traceback (most recent call last):
  File "id_data.py", line 58, in <module>
    raise Exception('Dataframe is empty')
Exception: Dataframe is empty
[2025-04-04 19:47:36,286] 	INFO 	32 	id_data.py 	<module>() 	TC ID Data Started
[2025-04-04 19:47:36,646] 	ERROR 	104 	id_data.py 	<module>() 	Error occurred during TC ID Data process. Error: Dataframe is empty
Traceback (most recent call last):
  File "id_data.py", line 58, in <module>
    raise Exception('Dataframe is empty')
Exception: Dataframe is empty
[2025-04-04 20:12:55,446] 	INFO 	32 	id_data.py 	<module>() 	TC ID Data Started
[2025-04-04 20:12:55,802] 	ERROR 	104 	id_data.py 	<module>() 	Error occurred during TC ID Data process. Error: Dataframe is empty
Traceback (most recent call last):
  File "id_data.py", line 58, in <module>
    raise Exception('Dataframe is empty')
Exception: Dataframe is empty
[2025-04-04 20:30:42,216] 	INFO 	32 	id_data.py 	<module>() 	TC ID Data Started
[2025-04-04 20:30:42,544] 	ERROR 	104 	id_data.py 	<module>() 	Error occurred during TC ID Data process. Error: Dataframe is empty
Traceback (most recent call last):
  File "id_data.py", line 58, in <module>
    raise Exception('Dataframe is empty')
Exception: Dataframe is empty
[2025-04-04 20:47:54,275] 	INFO 	32 	id_data.py 	<module>() 	TC ID Data Started
[2025-04-04 20:47:54,681] 	ERROR 	104 	id_data.py 	<module>() 	Error occurred during TC ID Data process. Error: Dataframe is empty
Traceback (most recent call last):
  File "id_data.py", line 58, in <module>
    raise Exception('Dataframe is empty')
Exception: Dataframe is empty
[2025-04-04 21:10:39,982] 	INFO 	32 	id_data.py 	<module>() 	TC ID Data Started
[2025-04-04 21:10:40,394] 	ERROR 	104 	id_data.py 	<module>() 	Error occurred during TC ID Data process. Error: Dataframe is empty
Traceback (most recent call last):
  File "id_data.py", line 58, in <module>
    raise Exception('Dataframe is empty')
Exception: Dataframe is empty
[2025-04-04 21:26:24,558] 	INFO 	32 	id_data.py 	<module>() 	TC ID Data Started
[2025-04-04 21:26:24,931] 	ERROR 	104 	id_data.py 	<module>() 	Error occurred during TC ID Data process. Error: Dataframe is empty
Traceback (most recent call last):
  File "id_data.py", line 58, in <module>
    raise Exception('Dataframe is empty')
Exception: Dataframe is empty
[2025-04-04 21:35:42,150] 	INFO 	32 	id_data.py 	<module>() 	TC ID Data Started
[2025-04-04 21:35:42,555] 	ERROR 	104 	id_data.py 	<module>() 	Error occurred during TC ID Data process. Error: Dataframe is empty
Traceback (most recent call last):
  File "id_data.py", line 58, in <module>
    raise Exception('Dataframe is empty')
Exception: Dataframe is empty
[2025-04-04 21:47:53,858] 	INFO 	32 	id_data.py 	<module>() 	TC ID Data Started
[2025-04-04 21:47:54,131] 	ERROR 	104 	id_data.py 	<module>() 	Error occurred during TC ID Data process. Error: Dataframe is empty
Traceback (most recent call last):
  File "id_data.py", line 58, in <module>
    raise Exception('Dataframe is empty')
Exception: Dataframe is empty
[2025-04-04 22:10:56,422] 	INFO 	32 	id_data.py 	<module>() 	TC ID Data Started
[2025-04-04 22:10:56,801] 	ERROR 	104 	id_data.py 	<module>() 	Error occurred during TC ID Data process. Error: Dataframe is empty
Traceback (most recent call last):
  File "id_data.py", line 58, in <module>
    raise Exception('Dataframe is empty')
Exception: Dataframe is empty
[2025-04-04 22:31:13,768] 	INFO 	32 	id_data.py 	<module>() 	TC ID Data Started
[2025-04-04 22:31:14,189] 	ERROR 	104 	id_data.py 	<module>() 	Error occurred during TC ID Data process. Error: Dataframe is empty
Traceback (most recent call last):
  File "id_data.py", line 58, in <module>
    raise Exception('Dataframe is empty')
Exception: Dataframe is empty
[2025-04-04 22:47:41,815] 	INFO 	32 	id_data.py 	<module>() 	TC ID Data Started
[2025-04-04 22:47:42,247] 	ERROR 	104 	id_data.py 	<module>() 	Error occurred during TC ID Data process. Error: Dataframe is empty
Traceback (most recent call last):
  File "id_data.py", line 58, in <module>
    raise Exception('Dataframe is empty')
Exception: Dataframe is empty
[2025-04-04 23:11:25,339] 	INFO 	32 	id_data.py 	<module>() 	TC ID Data Started
[2025-04-04 23:11:25,643] 	ERROR 	104 	id_data.py 	<module>() 	Error occurred during TC ID Data process. Error: Dataframe is empty
Traceback (most recent call last):
  File "id_data.py", line 58, in <module>
    raise Exception('Dataframe is empty')
Exception: Dataframe is empty
[2025-04-04 23:26:59,660] 	INFO 	32 	id_data.py 	<module>() 	TC ID Data Started
[2025-04-04 23:27:00,031] 	ERROR 	104 	id_data.py 	<module>() 	Error occurred during TC ID Data process. Error: Dataframe is empty
Traceback (most recent call last):
  File "id_data.py", line 58, in <module>
    raise Exception('Dataframe is empty')
Exception: Dataframe is empty
[2025-04-04 23:36:05,381] 	INFO 	32 	id_data.py 	<module>() 	TC ID Data Started
[2025-04-04 23:36:05,768] 	ERROR 	104 	id_data.py 	<module>() 	Error occurred during TC ID Data process. Error: Dataframe is empty
Traceback (most recent call last):
  File "id_data.py", line 58, in <module>
    raise Exception('Dataframe is empty')
Exception: Dataframe is empty
[2025-04-04 23:47:44,231] 	INFO 	32 	id_data.py 	<module>() 	TC ID Data Started
[2025-04-04 23:47:44,664] 	ERROR 	104 	id_data.py 	<module>() 	Error occurred during TC ID Data process. Error: Dataframe is empty
Traceback (most recent call last):
  File "id_data.py", line 58, in <module>
    raise Exception('Dataframe is empty')
Exception: Dataframe is empty
[2025-04-05 00:55:14,358] 	INFO 	32 	id_data.py 	<module>() 	TC ID Data Started
[2025-04-05 00:55:14,718] 	ERROR 	104 	id_data.py 	<module>() 	Error occurred during TC ID Data process. Error: Dataframe is empty
Traceback (most recent call last):
  File "id_data.py", line 58, in <module>
    raise Exception('Dataframe is empty')
Exception: Dataframe is empty
[2025-04-05 02:19:33,193] 	INFO 	32 	id_data.py 	<module>() 	TC ID Data Started
[2025-04-05 02:19:33,559] 	ERROR 	104 	id_data.py 	<module>() 	Error occurred during TC ID Data process. Error: Dataframe is empty
Traceback (most recent call last):
  File "id_data.py", line 58, in <module>
    raise Exception('Dataframe is empty')
Exception: Dataframe is empty
[2025-04-05 03:09:22,809] 	INFO 	32 	id_data.py 	<module>() 	TC ID Data Started
[2025-04-05 03:09:23,189] 	ERROR 	104 	id_data.py 	<module>() 	Error occurred during TC ID Data process. Error: Dataframe is empty
Traceback (most recent call last):
  File "id_data.py", line 58, in <module>
    raise Exception('Dataframe is empty')
Exception: Dataframe is empty
[2025-04-05 03:39:52,067] 	INFO 	32 	id_data.py 	<module>() 	TC ID Data Started
[2025-04-05 03:39:52,422] 	ERROR 	104 	id_data.py 	<module>() 	Error occurred during TC ID Data process. Error: Dataframe is empty
Traceback (most recent call last):
  File "id_data.py", line 58, in <module>
    raise Exception('Dataframe is empty')
Exception: Dataframe is empty
[2025-04-05 03:51:37,405] 	INFO 	32 	id_data.py 	<module>() 	TC ID Data Started
[2025-04-05 03:51:37,697] 	ERROR 	104 	id_data.py 	<module>() 	Error occurred during TC ID Data process. Error: Dataframe is empty
Traceback (most recent call last):
  File "id_data.py", line 58, in <module>
    raise Exception('Dataframe is empty')
Exception: Dataframe is empty
[2025-04-05 04:14:04,824] 	INFO 	32 	id_data.py 	<module>() 	TC ID Data Started
[2025-04-05 04:14:05,171] 	ERROR 	104 	id_data.py 	<module>() 	Error occurred during TC ID Data process. Error: Dataframe is empty
Traceback (most recent call last):
  File "id_data.py", line 58, in <module>
    raise Exception('Dataframe is empty')
Exception: Dataframe is empty
[2025-04-05 04:33:31,547] 	INFO 	32 	id_data.py 	<module>() 	TC ID Data Started
[2025-04-05 04:33:31,909] 	ERROR 	104 	id_data.py 	<module>() 	Error occurred during TC ID Data process. Error: Dataframe is empty
Traceback (most recent call last):
  File "id_data.py", line 58, in <module>
    raise Exception('Dataframe is empty')
Exception: Dataframe is empty
[2025-04-05 04:49:27,282] 	INFO 	32 	id_data.py 	<module>() 	TC ID Data Started
[2025-04-05 04:49:27,579] 	ERROR 	104 	id_data.py 	<module>() 	Error occurred during TC ID Data process. Error: Dataframe is empty
Traceback (most recent call last):
  File "id_data.py", line 58, in <module>
    raise Exception('Dataframe is empty')
Exception: Dataframe is empty
[2025-04-05 05:12:30,119] 	INFO 	32 	id_data.py 	<module>() 	TC ID Data Started
[2025-04-05 05:12:30,365] 	ERROR 	104 	id_data.py 	<module>() 	Error occurred during TC ID Data process. Error: Dataframe is empty
Traceback (most recent call last):
  File "id_data.py", line 58, in <module>
    raise Exception('Dataframe is empty')
Exception: Dataframe is empty
[2025-04-05 05:31:27,477] 	INFO 	32 	id_data.py 	<module>() 	TC ID Data Started
[2025-04-05 05:31:27,841] 	ERROR 	104 	id_data.py 	<module>() 	Error occurred during TC ID Data process. Error: Dataframe is empty
Traceback (most recent call last):
  File "id_data.py", line 58, in <module>
    raise Exception('Dataframe is empty')
Exception: Dataframe is empty
[2025-04-05 05:47:28,845] 	INFO 	32 	id_data.py 	<module>() 	TC ID Data Started
[2025-04-05 05:47:29,185] 	ERROR 	104 	id_data.py 	<module>() 	Error occurred during TC ID Data process. Error: Dataframe is empty
Traceback (most recent call last):
  File "id_data.py", line 58, in <module>
    raise Exception('Dataframe is empty')
Exception: Dataframe is empty
[2025-04-05 06:15:15,314] 	INFO 	32 	id_data.py 	<module>() 	TC ID Data Started
[2025-04-05 06:15:15,563] 	ERROR 	104 	id_data.py 	<module>() 	Error occurred during TC ID Data process. Error: Dataframe is empty
Traceback (most recent call last):
  File "id_data.py", line 58, in <module>
    raise Exception('Dataframe is empty')
Exception: Dataframe is empty
[2025-04-05 06:38:07,277] 	INFO 	32 	id_data.py 	<module>() 	TC ID Data Started
[2025-04-05 06:38:07,613] 	ERROR 	104 	id_data.py 	<module>() 	Error occurred during TC ID Data process. Error: Dataframe is empty
Traceback (most recent call last):
  File "id_data.py", line 58, in <module>
    raise Exception('Dataframe is empty')
Exception: Dataframe is empty
[2025-04-05 06:50:14,311] 	INFO 	32 	id_data.py 	<module>() 	TC ID Data Started
[2025-04-05 06:50:14,587] 	ERROR 	104 	id_data.py 	<module>() 	Error occurred during TC ID Data process. Error: Dataframe is empty
Traceback (most recent call last):
  File "id_data.py", line 58, in <module>
    raise Exception('Dataframe is empty')
Exception: Dataframe is empty
[2025-04-05 07:10:44,084] 	INFO 	32 	id_data.py 	<module>() 	TC ID Data Started
[2025-04-05 07:10:44,441] 	ERROR 	104 	id_data.py 	<module>() 	Error occurred during TC ID Data process. Error: Dataframe is empty
Traceback (most recent call last):
  File "id_data.py", line 58, in <module>
    raise Exception('Dataframe is empty')
Exception: Dataframe is empty
[2025-04-05 07:25:03,681] 	INFO 	32 	id_data.py 	<module>() 	TC ID Data Started
[2025-04-05 07:25:04,108] 	ERROR 	104 	id_data.py 	<module>() 	Error occurred during TC ID Data process. Error: Dataframe is empty
Traceback (most recent call last):
  File "id_data.py", line 58, in <module>
    raise Exception('Dataframe is empty')
Exception: Dataframe is empty
[2025-04-05 07:34:37,760] 	INFO 	32 	id_data.py 	<module>() 	TC ID Data Started
[2025-04-05 07:34:38,024] 	ERROR 	104 	id_data.py 	<module>() 	Error occurred during TC ID Data process. Error: Dataframe is empty
Traceback (most recent call last):
  File "id_data.py", line 58, in <module>
    raise Exception('Dataframe is empty')
Exception: Dataframe is empty
[2025-04-05 07:47:46,736] 	INFO 	32 	id_data.py 	<module>() 	TC ID Data Started
[2025-04-05 07:47:47,021] 	ERROR 	104 	id_data.py 	<module>() 	Error occurred during TC ID Data process. Error: Dataframe is empty
Traceback (most recent call last):
  File "id_data.py", line 58, in <module>
    raise Exception('Dataframe is empty')
Exception: Dataframe is empty
[2025-04-05 08:13:51,828] 	INFO 	32 	id_data.py 	<module>() 	TC ID Data Started
[2025-04-05 08:13:52,146] 	ERROR 	104 	id_data.py 	<module>() 	Error occurred during TC ID Data process. Error: Dataframe is empty
Traceback (most recent call last):
  File "id_data.py", line 58, in <module>
    raise Exception('Dataframe is empty')
Exception: Dataframe is empty
[2025-04-05 08:32:50,689] 	INFO 	32 	id_data.py 	<module>() 	TC ID Data Started
[2025-04-05 08:32:50,922] 	ERROR 	104 	id_data.py 	<module>() 	Error occurred during TC ID Data process. Error: Dataframe is empty
Traceback (most recent call last):
  File "id_data.py", line 58, in <module>
    raise Exception('Dataframe is empty')
Exception: Dataframe is empty
[2025-04-05 08:48:36,837] 	INFO 	32 	id_data.py 	<module>() 	TC ID Data Started
[2025-04-05 08:48:37,167] 	ERROR 	104 	id_data.py 	<module>() 	Error occurred during TC ID Data process. Error: Dataframe is empty
Traceback (most recent call last):
  File "id_data.py", line 58, in <module>
    raise Exception('Dataframe is empty')
Exception: Dataframe is empty
[2025-04-05 09:11:08,521] 	INFO 	32 	id_data.py 	<module>() 	TC ID Data Started
[2025-04-05 09:11:08,858] 	ERROR 	104 	id_data.py 	<module>() 	Error occurred during TC ID Data process. Error: Dataframe is empty
Traceback (most recent call last):
  File "id_data.py", line 58, in <module>
    raise Exception('Dataframe is empty')
Exception: Dataframe is empty
[2025-04-05 09:27:04,296] 	INFO 	32 	id_data.py 	<module>() 	TC ID Data Started
[2025-04-05 09:27:04,550] 	ERROR 	104 	id_data.py 	<module>() 	Error occurred during TC ID Data process. Error: Dataframe is empty
Traceback (most recent call last):
  File "id_data.py", line 58, in <module>
    raise Exception('Dataframe is empty')
Exception: Dataframe is empty
[2025-04-05 09:35:49,363] 	INFO 	32 	id_data.py 	<module>() 	TC ID Data Started
[2025-04-05 09:35:49,785] 	ERROR 	104 	id_data.py 	<module>() 	Error occurred during TC ID Data process. Error: Dataframe is empty
Traceback (most recent call last):
  File "id_data.py", line 58, in <module>
    raise Exception('Dataframe is empty')
Exception: Dataframe is empty
[2025-04-05 09:47:32,927] 	INFO 	32 	id_data.py 	<module>() 	TC ID Data Started
[2025-04-05 09:47:33,336] 	ERROR 	104 	id_data.py 	<module>() 	Error occurred during TC ID Data process. Error: Dataframe is empty
Traceback (most recent call last):
  File "id_data.py", line 58, in <module>
    raise Exception('Dataframe is empty')
Exception: Dataframe is empty
