[2025-02-01 00:54:29,746] 	INFO 	32 	id_data.py 	<module>() 	TC ID Data Started
[2025-02-01 00:54:30,069] 	ERROR 	104 	id_data.py 	<module>() 	Error occurred during TC ID Data process. Error: Dataframe is empty
Traceback (most recent call last):
  File "id_data.py", line 58, in <module>
    raise Exception('Dataframe is empty')
Exception: Dataframe is empty
[2025-02-01 02:13:25,716] 	INFO 	32 	id_data.py 	<module>() 	TC ID Data Started
[2025-02-01 02:13:26,047] 	ERROR 	104 	id_data.py 	<module>() 	Error occurred during TC ID Data process. Error: Dataframe is empty
Traceback (most recent call last):
  File "id_data.py", line 58, in <module>
    raise Exception('Dataframe is empty')
Exception: Dataframe is empty
[2025-02-01 02:55:37,219] 	INFO 	32 	id_data.py 	<module>() 	TC ID Data Started
[2025-02-01 02:55:37,465] 	ERROR 	104 	id_data.py 	<module>() 	Error occurred during TC ID Data process. Error: Dataframe is empty
Traceback (most recent call last):
  File "id_data.py", line 58, in <module>
    raise Exception('Dataframe is empty')
Exception: Dataframe is empty
[2025-02-01 03:15:58,834] 	INFO 	32 	id_data.py 	<module>() 	TC ID Data Started
[2025-02-01 03:15:59,187] 	ERROR 	104 	id_data.py 	<module>() 	Error occurred during TC ID Data process. Error: Dataframe is empty
Traceback (most recent call last):
  File "id_data.py", line 58, in <module>
    raise Exception('Dataframe is empty')
Exception: Dataframe is empty
[2025-02-01 03:38:04,404] 	INFO 	32 	id_data.py 	<module>() 	TC ID Data Started
[2025-02-01 03:38:04,721] 	ERROR 	104 	id_data.py 	<module>() 	Error occurred during TC ID Data process. Error: Dataframe is empty
Traceback (most recent call last):
  File "id_data.py", line 58, in <module>
    raise Exception('Dataframe is empty')
Exception: Dataframe is empty
[2025-02-01 03:47:40,876] 	INFO 	32 	id_data.py 	<module>() 	TC ID Data Started
[2025-02-01 03:47:41,285] 	ERROR 	104 	id_data.py 	<module>() 	Error occurred during TC ID Data process. Error: Dataframe is empty
Traceback (most recent call last):
  File "id_data.py", line 58, in <module>
    raise Exception('Dataframe is empty')
Exception: Dataframe is empty
[2025-02-01 04:12:59,965] 	INFO 	32 	id_data.py 	<module>() 	TC ID Data Started
[2025-02-01 04:13:00,262] 	ERROR 	104 	id_data.py 	<module>() 	Error occurred during TC ID Data process. Error: Dataframe is empty
Traceback (most recent call last):
  File "id_data.py", line 58, in <module>
    raise Exception('Dataframe is empty')
Exception: Dataframe is empty
[2025-02-01 04:30:34,943] 	INFO 	32 	id_data.py 	<module>() 	TC ID Data Started
[2025-02-01 04:30:35,295] 	ERROR 	104 	id_data.py 	<module>() 	Error occurred during TC ID Data process. Error: Dataframe is empty
Traceback (most recent call last):
  File "id_data.py", line 58, in <module>
    raise Exception('Dataframe is empty')
Exception: Dataframe is empty
[2025-02-01 04:47:44,194] 	INFO 	32 	id_data.py 	<module>() 	TC ID Data Started
[2025-02-01 04:47:44,541] 	ERROR 	104 	id_data.py 	<module>() 	Error occurred during TC ID Data process. Error: Dataframe is empty
Traceback (most recent call last):
  File "id_data.py", line 58, in <module>
    raise Exception('Dataframe is empty')
Exception: Dataframe is empty
