[2025-01-01 00:57:13,079] 	INFO 	32 	id_data.py 	<module>() 	TC ID Data Started
[2025-01-01 00:57:13,286] 	ERROR 	104 	id_data.py 	<module>() 	Error occurred during TC ID Data process. Error: Dataframe is empty
Traceback (most recent call last):
  File "id_data.py", line 58, in <module>
    raise Exception('Dataframe is empty')
Exception: Dataframe is empty
[2025-01-01 02:21:48,106] 	INFO 	32 	id_data.py 	<module>() 	TC ID Data Started
[2025-01-01 02:21:48,436] 	ERROR 	104 	id_data.py 	<module>() 	Error occurred during TC ID Data process. Error: Dataframe is empty
Traceback (most recent call last):
  File "id_data.py", line 58, in <module>
    raise Exception('Dataframe is empty')
Exception: Dataframe is empty
[2025-01-01 03:06:54,239] 	INFO 	32 	id_data.py 	<module>() 	TC ID Data Started
[2025-01-01 03:06:54,553] 	ERROR 	104 	id_data.py 	<module>() 	Error occurred during TC ID Data process. Error: Dataframe is empty
Traceback (most recent call last):
  File "id_data.py", line 58, in <module>
    raise Exception('Dataframe is empty')
Exception: Dataframe is empty
[2025-01-01 03:38:58,319] 	INFO 	32 	id_data.py 	<module>() 	TC ID Data Started
[2025-01-01 03:38:58,676] 	ERROR 	104 	id_data.py 	<module>() 	Error occurred during TC ID Data process. Error: Dataframe is empty
Traceback (most recent call last):
  File "id_data.py", line 58, in <module>
    raise Exception('Dataframe is empty')
Exception: Dataframe is empty
[2025-01-01 03:50:48,495] 	INFO 	32 	id_data.py 	<module>() 	TC ID Data Started
[2025-01-01 03:50:48,905] 	ERROR 	104 	id_data.py 	<module>() 	Error occurred during TC ID Data process. Error: Dataframe is empty
Traceback (most recent call last):
  File "id_data.py", line 58, in <module>
    raise Exception('Dataframe is empty')
Exception: Dataframe is empty
[2025-01-01 04:13:42,949] 	INFO 	32 	id_data.py 	<module>() 	TC ID Data Started
[2025-01-01 04:13:43,181] 	ERROR 	104 	id_data.py 	<module>() 	Error occurred during TC ID Data process. Error: Dataframe is empty
Traceback (most recent call last):
  File "id_data.py", line 58, in <module>
    raise Exception('Dataframe is empty')
Exception: Dataframe is empty
[2025-01-01 04:32:22,580] 	INFO 	32 	id_data.py 	<module>() 	TC ID Data Started
[2025-01-01 04:32:22,941] 	ERROR 	104 	id_data.py 	<module>() 	Error occurred during TC ID Data process. Error: Dataframe is empty
Traceback (most recent call last):
  File "id_data.py", line 58, in <module>
    raise Exception('Dataframe is empty')
Exception: Dataframe is empty
[2025-01-01 04:47:37,486] 	INFO 	32 	id_data.py 	<module>() 	TC ID Data Started
[2025-01-01 04:47:37,896] 	ERROR 	104 	id_data.py 	<module>() 	Error occurred during TC ID Data process. Error: Dataframe is empty
Traceback (most recent call last):
  File "id_data.py", line 58, in <module>
    raise Exception('Dataframe is empty')
Exception: Dataframe is empty
[2025-01-01 05:11:07,364] 	INFO 	32 	id_data.py 	<module>() 	TC ID Data Started
[2025-01-01 05:11:07,642] 	ERROR 	104 	id_data.py 	<module>() 	Error occurred during TC ID Data process. Error: Dataframe is empty
Traceback (most recent call last):
  File "id_data.py", line 58, in <module>
    raise Exception('Dataframe is empty')
Exception: Dataframe is empty
[2025-01-01 05:29:39,585] 	INFO 	32 	id_data.py 	<module>() 	TC ID Data Started
[2025-01-01 05:29:40,046] 	ERROR 	104 	id_data.py 	<module>() 	Error occurred during TC ID Data process. Error: Dataframe is empty
Traceback (most recent call last):
  File "id_data.py", line 58, in <module>
    raise Exception('Dataframe is empty')
Exception: Dataframe is empty
[2025-01-01 05:39:48,586] 	INFO 	32 	id_data.py 	<module>() 	TC ID Data Started
[2025-01-01 05:39:48,818] 	ERROR 	104 	id_data.py 	<module>() 	Error occurred during TC ID Data process. Error: Dataframe is empty
Traceback (most recent call last):
  File "id_data.py", line 58, in <module>
    raise Exception('Dataframe is empty')
Exception: Dataframe is empty
[2025-01-01 05:47:32,132] 	INFO 	32 	id_data.py 	<module>() 	TC ID Data Started
[2025-01-01 05:47:32,406] 	ERROR 	104 	id_data.py 	<module>() 	Error occurred during TC ID Data process. Error: Dataframe is empty
Traceback (most recent call last):
  File "id_data.py", line 58, in <module>
    raise Exception('Dataframe is empty')
Exception: Dataframe is empty
[2025-01-01 06:15:58,866] 	INFO 	32 	id_data.py 	<module>() 	TC ID Data Started
[2025-01-01 06:15:59,215] 	ERROR 	104 	id_data.py 	<module>() 	Error occurred during TC ID Data process. Error: Dataframe is empty
Traceback (most recent call last):
  File "id_data.py", line 58, in <module>
    raise Exception('Dataframe is empty')
Exception: Dataframe is empty
