[2025-03-01 00:57:57,832] 	INFO 	32 	id_data.py 	<module>() 	TC ID Data Started
[2025-03-01 00:57:58,194] 	ERROR 	104 	id_data.py 	<module>() 	Error occurred during TC ID Data process. Error: Dataframe is empty
Traceback (most recent call last):
  File "id_data.py", line 58, in <module>
    raise Exception('Dataframe is empty')
Exception: Dataframe is empty
[2025-03-01 02:23:01,249] 	INFO 	32 	id_data.py 	<module>() 	TC ID Data Started
[2025-03-01 02:23:01,660] 	ERROR 	104 	id_data.py 	<module>() 	Error occurred during TC ID Data process. Error: Dataframe is empty
Traceback (most recent call last):
  File "id_data.py", line 58, in <module>
    raise Exception('Dataframe is empty')
Exception: Dataframe is empty
[2025-03-01 03:08:56,204] 	INFO 	32 	id_data.py 	<module>() 	TC ID Data Started
[2025-03-01 03:08:56,605] 	ERROR 	104 	id_data.py 	<module>() 	Error occurred during TC ID Data process. Error: Dataframe is empty
Traceback (most recent call last):
  File "id_data.py", line 58, in <module>
    raise Exception('Dataframe is empty')
Exception: Dataframe is empty
[2025-03-01 03:39:36,503] 	INFO 	32 	id_data.py 	<module>() 	TC ID Data Started
[2025-03-01 03:39:36,798] 	ERROR 	104 	id_data.py 	<module>() 	Error occurred during TC ID Data process. Error: Dataframe is empty
Traceback (most recent call last):
  File "id_data.py", line 58, in <module>
    raise Exception('Dataframe is empty')
Exception: Dataframe is empty
