[2025-08-01 01:14:22,571] 	INFO 	32 	id_data.py 	<module>() 	TC ID Data Started
[2025-08-01 01:14:22,789] 	ERROR 	104 	id_data.py 	<module>() 	Error occurred during TC ID Data process. Error: Dataframe is empty
Traceback (most recent call last):
  File "id_data.py", line 58, in <module>
    raise Exception('Dataframe is empty')
Exception: Dataframe is empty
[2025-08-01 03:24:15,348] 	INFO 	32 	id_data.py 	<module>() 	TC ID Data Started
[2025-08-01 03:24:15,689] 	ERROR 	104 	id_data.py 	<module>() 	Error occurred during TC ID Data process. Error: Dataframe is empty
Traceback (most recent call last):
  File "id_data.py", line 58, in <module>
    raise Exception('Dataframe is empty')
Exception: Dataframe is empty
[2025-08-01 04:35:54,899] 	INFO 	32 	id_data.py 	<module>() 	TC ID Data Started
[2025-08-01 04:35:55,285] 	ERROR 	104 	id_data.py 	<module>() 	Error occurred during TC ID Data process. Error: Dataframe is empty
Traceback (most recent call last):
  File "id_data.py", line 58, in <module>
    raise Exception('Dataframe is empty')
Exception: Dataframe is empty
[2025-08-01 05:18:43,837] 	INFO 	32 	id_data.py 	<module>() 	TC ID Data Started
[2025-08-01 05:18:43,994] 	ERROR 	104 	id_data.py 	<module>() 	Error occurred during TC ID Data process. Error: Dataframe is empty
Traceback (most recent call last):
  File "id_data.py", line 58, in <module>
    raise Exception('Dataframe is empty')
Exception: Dataframe is empty
[2025-08-01 05:52:25,831] 	INFO 	32 	id_data.py 	<module>() 	TC ID Data Started
[2025-08-01 05:52:26,078] 	ERROR 	104 	id_data.py 	<module>() 	Error occurred during TC ID Data process. Error: Dataframe is empty
Traceback (most recent call last):
  File "id_data.py", line 58, in <module>
    raise Exception('Dataframe is empty')
Exception: Dataframe is empty
[2025-08-01 06:22:32,484] 	INFO 	32 	id_data.py 	<module>() 	TC ID Data Started
[2025-08-01 06:22:32,913] 	ERROR 	104 	id_data.py 	<module>() 	Error occurred during TC ID Data process. Error: Dataframe is empty
Traceback (most recent call last):
  File "id_data.py", line 58, in <module>
    raise Exception('Dataframe is empty')
Exception: Dataframe is empty
